{"numFailedTestSuites":2,"numFailedTests":2,"numPassedTestSuites":8,"numPassedTests":72,"numPendingTestSuites":0,"numPendingTests":0,"numRuntimeErrorTestSuites":1,"numTodoTests":0,"numTotalTestSuites":10,"numTotalTests":74,"openHandles":[],"snapshot":{"added":0,"didUpdate":false,"failure":false,"filesAdded":0,"filesRemoved":0,"filesRemovedList":[],"filesUnmatched":0,"filesUpdated":0,"matched":0,"total":0,"unchecked":0,"uncheckedKeysByFile":[],"unmatched":0,"updated":0},"startTime":1747701914301,"success":false,"testResults":[{"assertionResults":[{"ancestorTitles":["calculateEquity"],"duration":4,"failureDetails":[],"failureMessages":[],"fullName":"calculateEquity returns 0 for empty businesses","invocations":1,"location":{"column":5,"line":3},"numPassingAsserts":1,"retryReasons":[],"status":"passed","title":"returns 0 for empty businesses"},{"ancestorTitles":["calculateEquity"],"duration":1,"failureDetails":[],"failureMessages":[],"fullName":"calculateEquity sums totalInvested for all businesses","invocations":1,"location":{"column":5,"line":6},"numPassingAsserts":1,"retryReasons":[],"status":"passed","title":"sums totalInvested for all businesses"},{"ancestorTitles":["calculateEquity"],"duration":0,"failureDetails":[],"failureMessages":[],"fullName":"calculateEquity handles missing totalInvested","invocations":1,"location":{"column":5,"line":14},"numPassingAsserts":1,"retryReasons":[],"status":"passed","title":"handles missing totalInvested"}],"endTime":1747701915679,"message":"","name":"/Users/jonathangroberg/repos/roblox-tycoon--1-/lib/__tests__/game-utils.test.ts","startTime":1747701915005,"status":"passed","summary":""},{"assertionResults":[{"ancestorTitles":["generateUniqueId"],"duration":6,"failureDetails":[],"failureMessages":[],"fullName":"generateUniqueId generates unique IDs with the given prefix","invocations":1,"location":{"column":3,"line":5},"numPassingAsserts":3,"retryReasons":[],"status":"passed","title":"generates unique IDs with the given prefix"},{"ancestorTitles":["generateUniqueId"],"duration":1,"failureDetails":[],"failureMessages":[],"fullName":"generateUniqueId IDs contain a random string","invocations":1,"location":{"column":3,"line":13},"numPassingAsserts":1,"retryReasons":[],"status":"passed","title":"IDs contain a random string"},{"ancestorTitles":["initializeGameState"],"duration":0,"failureDetails":[],"failureMessages":[],"fullName":"initializeGameState returns a valid initial game state","invocations":1,"location":{"column":3,"line":21},"numPassingAsserts":4,"retryReasons":[],"status":"passed","title":"returns a valid initial game state"},{"ancestorTitles":["initializeGameState"],"duration":2,"failureDetails":[],"failureMessages":[],"fullName":"initializeGameState initializes a market business with correct properties","invocations":1,"location":{"column":3,"line":29},"numPassingAsserts":15,"retryReasons":[],"status":"passed","title":"initializes a market business with correct properties"},{"ancestorTitles":["initializeGameState"],"duration":1,"failureDetails":[],"failureMessages":[],"fullName":"initializeGameState initializes achievements with all keys set to false","invocations":1,"location":{"column":3,"line":52},"numPassingAsserts":11,"retryReasons":[],"status":"passed","title":"initializes achievements with all keys set to false"}],"endTime":1747701915833,"message":"","name":"/Users/jonathangroberg/repos/roblox-tycoon--1-/lib/__tests__/game-logic.test.ts","startTime":1747701915013,"status":"passed","summary":""},{"assertionResults":[],"coverage":{},"endTime":1747701918255,"message":"  \u001b[1m● \u001b[22mTest suite failed to run\n\n      \u001b[31mx\u001b[0m await isn't allowed in non-async function\n         ,-[\u001b[36;1;4m/Users/jonathangroberg/repos/roblox-tycoon--1-/components/__tests__/business-entity.test.tsx\u001b[0m:163:1]\n     \u001b[2m160\u001b[0m |         expect(document.querySelector('.border-blue-400')).not.toBeInTheDocument()\n     \u001b[2m161\u001b[0m |         expect(document.querySelector('.bg-green-700')).not.toBeInTheDocument()\n     \u001b[2m162\u001b[0m |         // Should not show warning/starvation tooltip\n     \u001b[2m163\u001b[0m |         await act(async () => {\n         : \u001b[35;1m              ^^^\u001b[0m\n     \u001b[2m164\u001b[0m |             fireEvent.mouseOver(screen.getByTestId('business-entity'))\n     \u001b[2m165\u001b[0m |         })\n     \u001b[2m166\u001b[0m |         expect(screen.queryByText(/Needs|Looking for/)).not.toBeInTheDocument()\n         `----\n\n\n    Caused by:\n        Syntax Error\n\n      \u001b[2mat Object.transformSync (\u001b[22mnode_modules/.pnpm/next@15.2.4_@babel+core@7.27.1_@playwright+test@1.52.0_react-dom@19.1.0_react@19.1.0__react@19.1.0/node_modules/next/src/build/swc/index.ts\u001b[2m:1205:25)\u001b[22m\n      \u001b[2mat transformSync (\u001b[22mnode_modules/.pnpm/next@15.2.4_@babel+core@7.27.1_@playwright+test@1.52.0_react-dom@19.1.0_react@19.1.0__react@19.1.0/node_modules/next/src/build/swc/index.ts\u001b[2m:1290:19)\u001b[22m\n      \u001b[2mat Object.process (\u001b[22mnode_modules/.pnpm/next@15.2.4_@babel+core@7.27.1_@playwright+test@1.52.0_react-dom@19.1.0_react@19.1.0__react@19.1.0/node_modules/next/src/build/swc/jest-transformer.ts\u001b[2m:105:25)\u001b[22m\n      \u001b[2mat ScriptTransformer.transformSource (\u001b[22mnode_modules/.pnpm/@jest+transform@29.7.0/node_modules/@jest/transform/build/ScriptTransformer.js\u001b[2m:545:31)\u001b[22m\n      \u001b[2mat ScriptTransformer._transformAndBuildScript (\u001b[22mnode_modules/.pnpm/@jest+transform@29.7.0/node_modules/@jest/transform/build/ScriptTransformer.js\u001b[2m:674:40)\u001b[22m\n      \u001b[2mat ScriptTransformer.transform (\u001b[22mnode_modules/.pnpm/@jest+transform@29.7.0/node_modules/@jest/transform/build/ScriptTransformer.js\u001b[2m:726:19)\u001b[22m\n","name":"/Users/jonathangroberg/repos/roblox-tycoon--1-/components/__tests__/business-entity.test.tsx","startTime":1747701918255,"status":"failed","summary":""},{"assertionResults":[{"ancestorTitles":["GameStateProvider"],"duration":46,"failureDetails":[],"failureMessages":[],"fullName":"GameStateProvider provides game state context to children","invocations":1,"location":{"column":5,"line":6},"numPassingAsserts":1,"retryReasons":[],"status":"passed","title":"provides game state context to children"},{"ancestorTitles":["GameStateProvider"],"duration":3,"failureDetails":[],"failureMessages":[],"fullName":"GameStateProvider throws if useGameState is used outside provider","invocations":1,"location":{"column":5,"line":15},"numPassingAsserts":1,"retryReasons":[],"status":"passed","title":"throws if useGameState is used outside provider"}],"endTime":1747701916090,"message":"","name":"/Users/jonathangroberg/repos/roblox-tycoon--1-/lib/__tests__/game-state.test.tsx","startTime":1747701915026,"status":"passed","summary":""},{"assertionResults":[{"ancestorTitles":["AchievementsPanel"],"duration":97,"failureDetails":[],"failureMessages":[],"fullName":"AchievementsPanel renders all achievements with correct funName, name, and description","invocations":1,"location":{"column":5,"line":13},"numPassingAsserts":8,"retryReasons":[],"status":"passed","title":"renders all achievements with correct funName, name, and description"},{"ancestorTitles":["AchievementsPanel"],"duration":28,"failureDetails":[],"failureMessages":[],"fullName":"AchievementsPanel renders unlocked and locked achievements with correct styles","invocations":1,"location":{"column":5,"line":26},"numPassingAsserts":3,"retryReasons":[],"status":"passed","title":"renders unlocked and locked achievements with correct styles"},{"ancestorTitles":["AchievementsPanel"],"duration":36,"failureDetails":[],"failureMessages":[],"fullName":"AchievementsPanel calls onClose when close button is clicked","invocations":1,"location":{"column":5,"line":36},"numPassingAsserts":1,"retryReasons":[],"status":"passed","title":"calls onClose when close button is clicked"},{"ancestorTitles":["AchievementsPanel"],"duration":16,"failureDetails":[],"failureMessages":[],"fullName":"AchievementsPanel handles empty achievements object","invocations":1,"location":{"column":5,"line":44},"numPassingAsserts":1,"retryReasons":[],"status":"passed","title":"handles empty achievements object"}],"endTime":1747701916150,"message":"","name":"/Users/jonathangroberg/repos/roblox-tycoon--1-/components/__tests__/achievements-panel.test.tsx","startTime":1747701915038,"status":"passed","summary":""},{"assertionResults":[{"ancestorTitles":["DeliveryBotEntity"],"duration":43,"failureDetails":[],"failureMessages":[],"fullName":"DeliveryBotEntity renders the delivery bot icon","invocations":1,"location":{"column":5,"line":26},"numPassingAsserts":1,"retryReasons":[],"status":"passed","title":"renders the delivery bot icon"},{"ancestorTitles":["DeliveryBotEntity"],"duration":10,"failureDetails":[],"failureMessages":[],"fullName":"DeliveryBotEntity shows the correct carrying amount","invocations":1,"location":{"column":5,"line":31},"numPassingAsserts":1,"retryReasons":[],"status":"passed","title":"shows the correct carrying amount"},{"ancestorTitles":["DeliveryBotEntity"],"duration":3,"failureDetails":[],"failureMessages":[],"fullName":"DeliveryBotEntity shows no carrying amount if zero","invocations":1,"location":{"column":5,"line":36},"numPassingAsserts":1,"retryReasons":[],"status":"passed","title":"shows no carrying amount if zero"},{"ancestorTitles":["DeliveryBotEntity"],"duration":2,"failureDetails":[],"failureMessages":[],"fullName":"DeliveryBotEntity applies the correct resource color","invocations":1,"location":{"column":5,"line":41},"numPassingAsserts":1,"retryReasons":[],"status":"passed","title":"applies the correct resource color"},{"ancestorTitles":["DeliveryBotEntity"],"duration":8,"failureDetails":[],"failureMessages":[],"fullName":"DeliveryBotEntity calls onDeliveryComplete when delivery finishes","invocations":1,"location":{"column":5,"line":47},"numPassingAsserts":1,"retryReasons":[],"status":"passed","title":"calls onDeliveryComplete when delivery finishes"}],"endTime":1747701916246,"message":"","name":"/Users/jonathangroberg/repos/roblox-tycoon--1-/components/__tests__/delivery-bot.test.tsx","startTime":1747701915004,"status":"passed","summary":""},{"assertionResults":[{"ancestorTitles":["NotificationToast"],"duration":65,"failureDetails":[],"failureMessages":[],"fullName":"NotificationToast renders notifications with correct message","invocations":1,"location":{"column":5,"line":39},"numPassingAsserts":1,"retryReasons":[],"status":"passed","title":"renders notifications with correct message"},{"ancestorTitles":["NotificationToast"],"duration":19,"failureDetails":[{}],"failureMessages":["TypeError: (((cov_8ld1bwmda(...).b[17][0]++) , window.AudioContext) || ((cov_8ld1bwmda(...).b[17][1]++) , window.webkitAudioContext)) is not a constructor\n    at playAchievementChime (/Users/jonathangroberg/repos/roblox-tycoon--1-/components/notification-toast.tsx:12:17)\n    at playAchievementChime (/Users/jonathangroberg/repos/roblox-tycoon--1-/components/notification-toast.tsx:40:13)\n    at Object.react-stack-bottom-frame (/Users/jonathangroberg/repos/roblox-tycoon--1-/node_modules/.pnpm/react-dom@19.1.0_react@19.1.0/node_modules/react-dom/cjs/react-dom-client.development.js:23949:20)\n    at runWithFiberInDEV (/Users/jonathangroberg/repos/roblox-tycoon--1-/node_modules/.pnpm/react-dom@19.1.0_react@19.1.0/node_modules/react-dom/cjs/react-dom-client.development.js:1522:13)\n    at commitHookEffectListMount (/Users/jonathangroberg/repos/roblox-tycoon--1-/node_modules/.pnpm/react-dom@19.1.0_react@19.1.0/node_modules/react-dom/cjs/react-dom-client.development.js:11905:29)\n    at commitHookPassiveMountEffects (/Users/jonathangroberg/repos/roblox-tycoon--1-/node_modules/.pnpm/react-dom@19.1.0_react@19.1.0/node_modules/react-dom/cjs/react-dom-client.development.js:12028:11)\n    at commitPassiveMountOnFiber (/Users/jonathangroberg/repos/roblox-tycoon--1-/node_modules/.pnpm/react-dom@19.1.0_react@19.1.0/node_modules/react-dom/cjs/react-dom-client.development.js:13841:13)\n    at recursivelyTraversePassiveMountEffects (/Users/jonathangroberg/repos/roblox-tycoon--1-/node_modules/.pnpm/react-dom@19.1.0_react@19.1.0/node_modules/react-dom/cjs/react-dom-client.development.js:13815:11)\n    at commitPassiveMountOnFiber (/Users/jonathangroberg/repos/roblox-tycoon--1-/node_modules/.pnpm/react-dom@19.1.0_react@19.1.0/node_modules/react-dom/cjs/react-dom-client.development.js:13853:11)\n    at flushPassiveEffects (/Users/jonathangroberg/repos/roblox-tycoon--1-/node_modules/.pnpm/react-dom@19.1.0_react@19.1.0/node_modules/react-dom/cjs/react-dom-client.development.js:15737:9)\n    at /Users/jonathangroberg/repos/roblox-tycoon--1-/node_modules/.pnpm/react-dom@19.1.0_react@19.1.0/node_modules/react-dom/cjs/react-dom-client.development.js:15379:15\n    at flushActQueue (/Users/jonathangroberg/repos/roblox-tycoon--1-/node_modules/.pnpm/react@19.1.0/node_modules/react/cjs/react.development.js:566:34)\n    at Object.<anonymous>.process.env.NODE_ENV.exports.act (/Users/jonathangroberg/repos/roblox-tycoon--1-/node_modules/.pnpm/react@19.1.0/node_modules/react/cjs/react.development.js:859:10)\n    at /Users/jonathangroberg/repos/roblox-tycoon--1-/node_modules/.pnpm/@testing-library+react@16.3.0_@testing-library+dom@10.4.0_@types+react-dom@19.1.5_@type_13678f14edb207b811efad2d1cd9d44e/node_modules/@testing-library/react/dist/act-compat.js:47:25\n    at renderRoot (/Users/jonathangroberg/repos/roblox-tycoon--1-/node_modules/.pnpm/@testing-library+react@16.3.0_@testing-library+dom@10.4.0_@types+react-dom@19.1.5_@type_13678f14edb207b811efad2d1cd9d44e/node_modules/@testing-library/react/dist/pure.js:190:26)\n    at render (/Users/jonathangroberg/repos/roblox-tycoon--1-/node_modules/.pnpm/@testing-library+react@16.3.0_@testing-library+dom@10.4.0_@types+react-dom@19.1.5_@type_13678f14edb207b811efad2d1cd9d44e/node_modules/@testing-library/react/dist/pure.js:292:10)\n    at Object.<anonymous> (/Users/jonathangroberg/repos/roblox-tycoon--1-/components/__tests__/notification-toast.test.tsx:47:15)\n    at Promise.then.completed (/Users/jonathangroberg/repos/roblox-tycoon--1-/node_modules/.pnpm/jest-circus@29.7.0/node_modules/jest-circus/build/utils.js:298:28)\n    at new Promise (<anonymous>)\n    at callAsyncCircusFn (/Users/jonathangroberg/repos/roblox-tycoon--1-/node_modules/.pnpm/jest-circus@29.7.0/node_modules/jest-circus/build/utils.js:231:10)\n    at _callCircusTest (/Users/jonathangroberg/repos/roblox-tycoon--1-/node_modules/.pnpm/jest-circus@29.7.0/node_modules/jest-circus/build/run.js:316:40)\n    at processTicksAndRejections (node:internal/process/task_queues:95:5)\n    at _runTest (/Users/jonathangroberg/repos/roblox-tycoon--1-/node_modules/.pnpm/jest-circus@29.7.0/node_modules/jest-circus/build/run.js:252:3)\n    at _runTestsForDescribeBlock (/Users/jonathangroberg/repos/roblox-tycoon--1-/node_modules/.pnpm/jest-circus@29.7.0/node_modules/jest-circus/build/run.js:126:9)\n    at _runTestsForDescribeBlock (/Users/jonathangroberg/repos/roblox-tycoon--1-/node_modules/.pnpm/jest-circus@29.7.0/node_modules/jest-circus/build/run.js:121:9)\n    at run (/Users/jonathangroberg/repos/roblox-tycoon--1-/node_modules/.pnpm/jest-circus@29.7.0/node_modules/jest-circus/build/run.js:71:3)\n    at runAndTransformResultsToJestFormat (/Users/jonathangroberg/repos/roblox-tycoon--1-/node_modules/.pnpm/jest-circus@29.7.0/node_modules/jest-circus/build/legacy-code-todo-rewrite/jestAdapterInit.js:122:21)\n    at jestAdapter (/Users/jonathangroberg/repos/roblox-tycoon--1-/node_modules/.pnpm/jest-circus@29.7.0/node_modules/jest-circus/build/legacy-code-todo-rewrite/jestAdapter.js:79:19)\n    at runTestInternal (/Users/jonathangroberg/repos/roblox-tycoon--1-/node_modules/.pnpm/jest-runner@29.7.0/node_modules/jest-runner/build/runTest.js:367:16)\n    at runTest (/Users/jonathangroberg/repos/roblox-tycoon--1-/node_modules/.pnpm/jest-runner@29.7.0/node_modules/jest-runner/build/runTest.js:444:34)\n    at Object.worker (/Users/jonathangroberg/repos/roblox-tycoon--1-/node_modules/.pnpm/jest-runner@29.7.0/node_modules/jest-runner/build/testWorker.js:106:12)"],"fullName":"NotificationToast renders achievement notification with funName and icon","invocations":1,"location":{"column":5,"line":45},"numPassingAsserts":0,"retryReasons":[],"status":"failed","title":"renders achievement notification with funName and icon"},{"ancestorTitles":["NotificationToast"],"duration":53,"failureDetails":[],"failureMessages":[],"fullName":"NotificationToast calls onDismiss with correct id when dismiss button is clicked","invocations":1,"location":{"column":5,"line":52},"numPassingAsserts":1,"retryReasons":[],"status":"passed","title":"calls onDismiss with correct id when dismiss button is clicked"},{"ancestorTitles":["NotificationToast"],"duration":2,"failureDetails":[{}],"failureMessages":["TypeError: (((cov_8ld1bwmda(...).b[17][0]++) , window.AudioContext) || ((cov_8ld1bwmda(...).b[17][1]++) , window.webkitAudioContext)) is not a constructor\n    at playAchievementChime (/Users/jonathangroberg/repos/roblox-tycoon--1-/components/notification-toast.tsx:12:17)\n    at playAchievementChime (/Users/jonathangroberg/repos/roblox-tycoon--1-/components/notification-toast.tsx:40:13)\n    at Object.react-stack-bottom-frame (/Users/jonathangroberg/repos/roblox-tycoon--1-/node_modules/.pnpm/react-dom@19.1.0_react@19.1.0/node_modules/react-dom/cjs/react-dom-client.development.js:23949:20)\n    at runWithFiberInDEV (/Users/jonathangroberg/repos/roblox-tycoon--1-/node_modules/.pnpm/react-dom@19.1.0_react@19.1.0/node_modules/react-dom/cjs/react-dom-client.development.js:1522:13)\n    at commitHookEffectListMount (/Users/jonathangroberg/repos/roblox-tycoon--1-/node_modules/.pnpm/react-dom@19.1.0_react@19.1.0/node_modules/react-dom/cjs/react-dom-client.development.js:11905:29)\n    at commitHookPassiveMountEffects (/Users/jonathangroberg/repos/roblox-tycoon--1-/node_modules/.pnpm/react-dom@19.1.0_react@19.1.0/node_modules/react-dom/cjs/react-dom-client.development.js:12028:11)\n    at commitPassiveMountOnFiber (/Users/jonathangroberg/repos/roblox-tycoon--1-/node_modules/.pnpm/react-dom@19.1.0_react@19.1.0/node_modules/react-dom/cjs/react-dom-client.development.js:13841:13)\n    at recursivelyTraversePassiveMountEffects (/Users/jonathangroberg/repos/roblox-tycoon--1-/node_modules/.pnpm/react-dom@19.1.0_react@19.1.0/node_modules/react-dom/cjs/react-dom-client.development.js:13815:11)\n    at commitPassiveMountOnFiber (/Users/jonathangroberg/repos/roblox-tycoon--1-/node_modules/.pnpm/react-dom@19.1.0_react@19.1.0/node_modules/react-dom/cjs/react-dom-client.development.js:13853:11)\n    at flushPassiveEffects (/Users/jonathangroberg/repos/roblox-tycoon--1-/node_modules/.pnpm/react-dom@19.1.0_react@19.1.0/node_modules/react-dom/cjs/react-dom-client.development.js:15737:9)\n    at /Users/jonathangroberg/repos/roblox-tycoon--1-/node_modules/.pnpm/react-dom@19.1.0_react@19.1.0/node_modules/react-dom/cjs/react-dom-client.development.js:15379:15\n    at flushActQueue (/Users/jonathangroberg/repos/roblox-tycoon--1-/node_modules/.pnpm/react@19.1.0/node_modules/react/cjs/react.development.js:566:34)\n    at Object.<anonymous>.process.env.NODE_ENV.exports.act (/Users/jonathangroberg/repos/roblox-tycoon--1-/node_modules/.pnpm/react@19.1.0/node_modules/react/cjs/react.development.js:859:10)\n    at /Users/jonathangroberg/repos/roblox-tycoon--1-/node_modules/.pnpm/@testing-library+react@16.3.0_@testing-library+dom@10.4.0_@types+react-dom@19.1.5_@type_13678f14edb207b811efad2d1cd9d44e/node_modules/@testing-library/react/dist/act-compat.js:47:25\n    at renderRoot (/Users/jonathangroberg/repos/roblox-tycoon--1-/node_modules/.pnpm/@testing-library+react@16.3.0_@testing-library+dom@10.4.0_@types+react-dom@19.1.5_@type_13678f14edb207b811efad2d1cd9d44e/node_modules/@testing-library/react/dist/pure.js:190:26)\n    at render (/Users/jonathangroberg/repos/roblox-tycoon--1-/node_modules/.pnpm/@testing-library+react@16.3.0_@testing-library+dom@10.4.0_@types+react-dom@19.1.5_@type_13678f14edb207b811efad2d1cd9d44e/node_modules/@testing-library/react/dist/pure.js:292:10)\n    at Object.<anonymous> (/Users/jonathangroberg/repos/roblox-tycoon--1-/components/__tests__/notification-toast.test.tsx:63:15)\n    at Promise.then.completed (/Users/jonathangroberg/repos/roblox-tycoon--1-/node_modules/.pnpm/jest-circus@29.7.0/node_modules/jest-circus/build/utils.js:298:28)\n    at new Promise (<anonymous>)\n    at callAsyncCircusFn (/Users/jonathangroberg/repos/roblox-tycoon--1-/node_modules/.pnpm/jest-circus@29.7.0/node_modules/jest-circus/build/utils.js:231:10)\n    at _callCircusTest (/Users/jonathangroberg/repos/roblox-tycoon--1-/node_modules/.pnpm/jest-circus@29.7.0/node_modules/jest-circus/build/run.js:316:40)\n    at processTicksAndRejections (node:internal/process/task_queues:95:5)\n    at _runTest (/Users/jonathangroberg/repos/roblox-tycoon--1-/node_modules/.pnpm/jest-circus@29.7.0/node_modules/jest-circus/build/run.js:252:3)\n    at _runTestsForDescribeBlock (/Users/jonathangroberg/repos/roblox-tycoon--1-/node_modules/.pnpm/jest-circus@29.7.0/node_modules/jest-circus/build/run.js:126:9)\n    at _runTestsForDescribeBlock (/Users/jonathangroberg/repos/roblox-tycoon--1-/node_modules/.pnpm/jest-circus@29.7.0/node_modules/jest-circus/build/run.js:121:9)\n    at run (/Users/jonathangroberg/repos/roblox-tycoon--1-/node_modules/.pnpm/jest-circus@29.7.0/node_modules/jest-circus/build/run.js:71:3)\n    at runAndTransformResultsToJestFormat (/Users/jonathangroberg/repos/roblox-tycoon--1-/node_modules/.pnpm/jest-circus@29.7.0/node_modules/jest-circus/build/legacy-code-todo-rewrite/jestAdapterInit.js:122:21)\n    at jestAdapter (/Users/jonathangroberg/repos/roblox-tycoon--1-/node_modules/.pnpm/jest-circus@29.7.0/node_modules/jest-circus/build/legacy-code-todo-rewrite/jestAdapter.js:79:19)\n    at runTestInternal (/Users/jonathangroberg/repos/roblox-tycoon--1-/node_modules/.pnpm/jest-runner@29.7.0/node_modules/jest-runner/build/runTest.js:367:16)\n    at runTest (/Users/jonathangroberg/repos/roblox-tycoon--1-/node_modules/.pnpm/jest-runner@29.7.0/node_modules/jest-runner/build/runTest.js:444:34)\n    at Object.worker (/Users/jonathangroberg/repos/roblox-tycoon--1-/node_modules/.pnpm/jest-runner@29.7.0/node_modules/jest-runner/build/testWorker.js:106:12)"],"fullName":"NotificationToast renders confetti for achievement notification","invocations":1,"location":{"column":5,"line":61},"numPassingAsserts":0,"retryReasons":[],"status":"failed","title":"renders confetti for achievement notification"},{"ancestorTitles":["NotificationToast"],"duration":1,"failureDetails":[],"failureMessages":[],"fullName":"NotificationToast handles empty notifications array","invocations":1,"location":{"column":5,"line":67},"numPassingAsserts":1,"retryReasons":[],"status":"passed","title":"handles empty notifications array"},{"ancestorTitles":["NotificationToast"],"duration":4,"failureDetails":[],"failureMessages":[],"fullName":"NotificationToast auto-dismisses notification after 5 seconds","invocations":1,"location":{"column":5,"line":72},"numPassingAsserts":2,"retryReasons":[],"status":"passed","title":"auto-dismisses notification after 5 seconds"},{"ancestorTitles":["NotificationToast"],"duration":12,"failureDetails":[],"failureMessages":[],"fullName":"NotificationToast closes notification when clicking anywhere on the toast","invocations":1,"location":{"column":5,"line":85},"numPassingAsserts":3,"retryReasons":[],"status":"passed","title":"closes notification when clicking anywhere on the toast"}],"endTime":1747701916282,"message":"\u001b[1m\u001b[31m  \u001b[1m● \u001b[22m\u001b[1mNotificationToast › renders achievement notification with funName and icon\u001b[39m\u001b[22m\n\n    TypeError: (((cov_8ld1bwmda(...).b[17][0]++) , window.AudioContext) || ((cov_8ld1bwmda(...).b[17][1]++) , window.webkitAudioContext)) is not a constructor\n\u001b[2m\u001b[22m\n\u001b[2m    \u001b[0m \u001b[90m 10 |\u001b[39m \u001b[90m// Play a chime sound (mild, pleasant)\u001b[39m\u001b[22m\n\u001b[2m     \u001b[90m 11 |\u001b[39m \u001b[36mfunction\u001b[39m playAchievementChime() {\u001b[22m\n\u001b[2m    \u001b[31m\u001b[1m>\u001b[22m\u001b[2m\u001b[39m\u001b[90m 12 |\u001b[39m     \u001b[36mconst\u001b[39m ctx \u001b[33m=\u001b[39m \u001b[36mnew\u001b[39m (window\u001b[33m.\u001b[39m\u001b[33mAudioContext\u001b[39m \u001b[33m||\u001b[39m (window \u001b[36mas\u001b[39m any)\u001b[33m.\u001b[39mwebkitAudioContext)()\u001b[33m;\u001b[39m\u001b[22m\n\u001b[2m     \u001b[90m    |\u001b[39m                 \u001b[31m\u001b[1m^\u001b[22m\u001b[2m\u001b[39m\u001b[22m\n\u001b[2m     \u001b[90m 13 |\u001b[39m     \u001b[36mconst\u001b[39m o \u001b[33m=\u001b[39m ctx\u001b[33m.\u001b[39mcreateOscillator()\u001b[33m;\u001b[39m\u001b[22m\n\u001b[2m     \u001b[90m 14 |\u001b[39m     \u001b[36mconst\u001b[39m g \u001b[33m=\u001b[39m ctx\u001b[33m.\u001b[39mcreateGain()\u001b[33m;\u001b[39m\u001b[22m\n\u001b[2m     \u001b[90m 15 |\u001b[39m     o\u001b[33m.\u001b[39mtype \u001b[33m=\u001b[39m \u001b[32m'triangle'\u001b[39m\u001b[33m;\u001b[39m\u001b[0m\u001b[22m\n\u001b[2m\u001b[22m\n\u001b[2m      \u001b[2mat playAchievementChime (\u001b[22m\u001b[2mcomponents/notification-toast.tsx\u001b[2m:12:17)\u001b[22m\u001b[2m\u001b[22m\n\u001b[2m      \u001b[2mat playAchievementChime (\u001b[22m\u001b[2mcomponents/notification-toast.tsx\u001b[2m:40:13)\u001b[22m\u001b[2m\u001b[22m\n\u001b[2m      \u001b[2mat Object.react-stack-bottom-frame (\u001b[22m\u001b[2mnode_modules/.pnpm/react-dom@19.1.0_react@19.1.0/node_modules/react-dom/cjs/react-dom-client.development.js\u001b[2m:23949:20)\u001b[22m\u001b[2m\u001b[22m\n\u001b[2m      \u001b[2mat runWithFiberInDEV (\u001b[22m\u001b[2mnode_modules/.pnpm/react-dom@19.1.0_react@19.1.0/node_modules/react-dom/cjs/react-dom-client.development.js\u001b[2m:1522:13)\u001b[22m\u001b[2m\u001b[22m\n\u001b[2m      \u001b[2mat commitHookEffectListMount (\u001b[22m\u001b[2mnode_modules/.pnpm/react-dom@19.1.0_react@19.1.0/node_modules/react-dom/cjs/react-dom-client.development.js\u001b[2m:11905:29)\u001b[22m\u001b[2m\u001b[22m\n\u001b[2m      \u001b[2mat commitHookPassiveMountEffects (\u001b[22m\u001b[2mnode_modules/.pnpm/react-dom@19.1.0_react@19.1.0/node_modules/react-dom/cjs/react-dom-client.development.js\u001b[2m:12028:11)\u001b[22m\u001b[2m\u001b[22m\n\u001b[2m      \u001b[2mat commitPassiveMountOnFiber (\u001b[22m\u001b[2mnode_modules/.pnpm/react-dom@19.1.0_react@19.1.0/node_modules/react-dom/cjs/react-dom-client.development.js\u001b[2m:13841:13)\u001b[22m\u001b[2m\u001b[22m\n\u001b[2m      \u001b[2mat recursivelyTraversePassiveMountEffects (\u001b[22m\u001b[2mnode_modules/.pnpm/react-dom@19.1.0_react@19.1.0/node_modules/react-dom/cjs/react-dom-client.development.js\u001b[2m:13815:11)\u001b[22m\u001b[2m\u001b[22m\n\u001b[2m      \u001b[2mat commitPassiveMountOnFiber (\u001b[22m\u001b[2mnode_modules/.pnpm/react-dom@19.1.0_react@19.1.0/node_modules/react-dom/cjs/react-dom-client.development.js\u001b[2m:13853:11)\u001b[22m\u001b[2m\u001b[22m\n\u001b[2m      \u001b[2mat flushPassiveEffects (\u001b[22m\u001b[2mnode_modules/.pnpm/react-dom@19.1.0_react@19.1.0/node_modules/react-dom/cjs/react-dom-client.development.js\u001b[2m:15737:9)\u001b[22m\u001b[2m\u001b[22m\n\u001b[2m      \u001b[2mat \u001b[22m\u001b[2mnode_modules/.pnpm/react-dom@19.1.0_react@19.1.0/node_modules/react-dom/cjs/react-dom-client.development.js\u001b[2m:15379:15\u001b[22m\u001b[2m\u001b[22m\n\u001b[2m      \u001b[2mat flushActQueue (\u001b[22m\u001b[2mnode_modules/.pnpm/react@19.1.0/node_modules/react/cjs/react.development.js\u001b[2m:566:34)\u001b[22m\u001b[2m\u001b[22m\n\u001b[2m      \u001b[2mat Object.<anonymous>.process.env.NODE_ENV.exports.act (\u001b[22m\u001b[2mnode_modules/.pnpm/react@19.1.0/node_modules/react/cjs/react.development.js\u001b[2m:859:10)\u001b[22m\u001b[2m\u001b[22m\n\u001b[2m      \u001b[2mat \u001b[22m\u001b[2mnode_modules/.pnpm/@testing-library+react@16.3.0_@testing-library+dom@10.4.0_@types+react-dom@19.1.5_@type_13678f14edb207b811efad2d1cd9d44e/node_modules/@testing-library/react/dist/act-compat.js\u001b[2m:47:25\u001b[22m\u001b[2m\u001b[22m\n\u001b[2m      \u001b[2mat renderRoot (\u001b[22m\u001b[2mnode_modules/.pnpm/@testing-library+react@16.3.0_@testing-library+dom@10.4.0_@types+react-dom@19.1.5_@type_13678f14edb207b811efad2d1cd9d44e/node_modules/@testing-library/react/dist/pure.js\u001b[2m:190:26)\u001b[22m\u001b[2m\u001b[22m\n\u001b[2m      \u001b[2mat render (\u001b[22m\u001b[2mnode_modules/.pnpm/@testing-library+react@16.3.0_@testing-library+dom@10.4.0_@types+react-dom@19.1.5_@type_13678f14edb207b811efad2d1cd9d44e/node_modules/@testing-library/react/dist/pure.js\u001b[2m:292:10)\u001b[22m\u001b[2m\u001b[22m\n\u001b[2m      \u001b[2mat Object.<anonymous> (\u001b[22m\u001b[2m\u001b[0m\u001b[36mcomponents/__tests__/notification-toast.test.tsx\u001b[39m\u001b[0m\u001b[2m:47:15)\u001b[22m\u001b[2m\u001b[22m\n\n\u001b[1m\u001b[31m  \u001b[1m● \u001b[22m\u001b[1mNotificationToast › renders confetti for achievement notification\u001b[39m\u001b[22m\n\n    TypeError: (((cov_8ld1bwmda(...).b[17][0]++) , window.AudioContext) || ((cov_8ld1bwmda(...).b[17][1]++) , window.webkitAudioContext)) is not a constructor\n\u001b[2m\u001b[22m\n\u001b[2m    \u001b[0m \u001b[90m 10 |\u001b[39m \u001b[90m// Play a chime sound (mild, pleasant)\u001b[39m\u001b[22m\n\u001b[2m     \u001b[90m 11 |\u001b[39m \u001b[36mfunction\u001b[39m playAchievementChime() {\u001b[22m\n\u001b[2m    \u001b[31m\u001b[1m>\u001b[22m\u001b[2m\u001b[39m\u001b[90m 12 |\u001b[39m     \u001b[36mconst\u001b[39m ctx \u001b[33m=\u001b[39m \u001b[36mnew\u001b[39m (window\u001b[33m.\u001b[39m\u001b[33mAudioContext\u001b[39m \u001b[33m||\u001b[39m (window \u001b[36mas\u001b[39m any)\u001b[33m.\u001b[39mwebkitAudioContext)()\u001b[33m;\u001b[39m\u001b[22m\n\u001b[2m     \u001b[90m    |\u001b[39m                 \u001b[31m\u001b[1m^\u001b[22m\u001b[2m\u001b[39m\u001b[22m\n\u001b[2m     \u001b[90m 13 |\u001b[39m     \u001b[36mconst\u001b[39m o \u001b[33m=\u001b[39m ctx\u001b[33m.\u001b[39mcreateOscillator()\u001b[33m;\u001b[39m\u001b[22m\n\u001b[2m     \u001b[90m 14 |\u001b[39m     \u001b[36mconst\u001b[39m g \u001b[33m=\u001b[39m ctx\u001b[33m.\u001b[39mcreateGain()\u001b[33m;\u001b[39m\u001b[22m\n\u001b[2m     \u001b[90m 15 |\u001b[39m     o\u001b[33m.\u001b[39mtype \u001b[33m=\u001b[39m \u001b[32m'triangle'\u001b[39m\u001b[33m;\u001b[39m\u001b[0m\u001b[22m\n\u001b[2m\u001b[22m\n\u001b[2m      \u001b[2mat playAchievementChime (\u001b[22m\u001b[2mcomponents/notification-toast.tsx\u001b[2m:12:17)\u001b[22m\u001b[2m\u001b[22m\n\u001b[2m      \u001b[2mat playAchievementChime (\u001b[22m\u001b[2mcomponents/notification-toast.tsx\u001b[2m:40:13)\u001b[22m\u001b[2m\u001b[22m\n\u001b[2m      \u001b[2mat Object.react-stack-bottom-frame (\u001b[22m\u001b[2mnode_modules/.pnpm/react-dom@19.1.0_react@19.1.0/node_modules/react-dom/cjs/react-dom-client.development.js\u001b[2m:23949:20)\u001b[22m\u001b[2m\u001b[22m\n\u001b[2m      \u001b[2mat runWithFiberInDEV (\u001b[22m\u001b[2mnode_modules/.pnpm/react-dom@19.1.0_react@19.1.0/node_modules/react-dom/cjs/react-dom-client.development.js\u001b[2m:1522:13)\u001b[22m\u001b[2m\u001b[22m\n\u001b[2m      \u001b[2mat commitHookEffectListMount (\u001b[22m\u001b[2mnode_modules/.pnpm/react-dom@19.1.0_react@19.1.0/node_modules/react-dom/cjs/react-dom-client.development.js\u001b[2m:11905:29)\u001b[22m\u001b[2m\u001b[22m\n\u001b[2m      \u001b[2mat commitHookPassiveMountEffects (\u001b[22m\u001b[2mnode_modules/.pnpm/react-dom@19.1.0_react@19.1.0/node_modules/react-dom/cjs/react-dom-client.development.js\u001b[2m:12028:11)\u001b[22m\u001b[2m\u001b[22m\n\u001b[2m      \u001b[2mat commitPassiveMountOnFiber (\u001b[22m\u001b[2mnode_modules/.pnpm/react-dom@19.1.0_react@19.1.0/node_modules/react-dom/cjs/react-dom-client.development.js\u001b[2m:13841:13)\u001b[22m\u001b[2m\u001b[22m\n\u001b[2m      \u001b[2mat recursivelyTraversePassiveMountEffects (\u001b[22m\u001b[2mnode_modules/.pnpm/react-dom@19.1.0_react@19.1.0/node_modules/react-dom/cjs/react-dom-client.development.js\u001b[2m:13815:11)\u001b[22m\u001b[2m\u001b[22m\n\u001b[2m      \u001b[2mat commitPassiveMountOnFiber (\u001b[22m\u001b[2mnode_modules/.pnpm/react-dom@19.1.0_react@19.1.0/node_modules/react-dom/cjs/react-dom-client.development.js\u001b[2m:13853:11)\u001b[22m\u001b[2m\u001b[22m\n\u001b[2m      \u001b[2mat flushPassiveEffects (\u001b[22m\u001b[2mnode_modules/.pnpm/react-dom@19.1.0_react@19.1.0/node_modules/react-dom/cjs/react-dom-client.development.js\u001b[2m:15737:9)\u001b[22m\u001b[2m\u001b[22m\n\u001b[2m      \u001b[2mat \u001b[22m\u001b[2mnode_modules/.pnpm/react-dom@19.1.0_react@19.1.0/node_modules/react-dom/cjs/react-dom-client.development.js\u001b[2m:15379:15\u001b[22m\u001b[2m\u001b[22m\n\u001b[2m      \u001b[2mat flushActQueue (\u001b[22m\u001b[2mnode_modules/.pnpm/react@19.1.0/node_modules/react/cjs/react.development.js\u001b[2m:566:34)\u001b[22m\u001b[2m\u001b[22m\n\u001b[2m      \u001b[2mat Object.<anonymous>.process.env.NODE_ENV.exports.act (\u001b[22m\u001b[2mnode_modules/.pnpm/react@19.1.0/node_modules/react/cjs/react.development.js\u001b[2m:859:10)\u001b[22m\u001b[2m\u001b[22m\n\u001b[2m      \u001b[2mat \u001b[22m\u001b[2mnode_modules/.pnpm/@testing-library+react@16.3.0_@testing-library+dom@10.4.0_@types+react-dom@19.1.5_@type_13678f14edb207b811efad2d1cd9d44e/node_modules/@testing-library/react/dist/act-compat.js\u001b[2m:47:25\u001b[22m\u001b[2m\u001b[22m\n\u001b[2m      \u001b[2mat renderRoot (\u001b[22m\u001b[2mnode_modules/.pnpm/@testing-library+react@16.3.0_@testing-library+dom@10.4.0_@types+react-dom@19.1.5_@type_13678f14edb207b811efad2d1cd9d44e/node_modules/@testing-library/react/dist/pure.js\u001b[2m:190:26)\u001b[22m\u001b[2m\u001b[22m\n\u001b[2m      \u001b[2mat render (\u001b[22m\u001b[2mnode_modules/.pnpm/@testing-library+react@16.3.0_@testing-library+dom@10.4.0_@types+react-dom@19.1.5_@type_13678f14edb207b811efad2d1cd9d44e/node_modules/@testing-library/react/dist/pure.js\u001b[2m:292:10)\u001b[22m\u001b[2m\u001b[22m\n\u001b[2m      \u001b[2mat Object.<anonymous> (\u001b[22m\u001b[2m\u001b[0m\u001b[36mcomponents/__tests__/notification-toast.test.tsx\u001b[39m\u001b[0m\u001b[2m:63:15)\u001b[22m\u001b[2m\u001b[22m\n","name":"/Users/jonathangroberg/repos/roblox-tycoon--1-/components/__tests__/notification-toast.test.tsx","startTime":1747701915010,"status":"failed","summary":""},{"assertionResults":[{"ancestorTitles":["BusinessPanel"],"duration":76,"failureDetails":[],"failureMessages":[],"fullName":"BusinessPanel renders business panel with correct title","invocations":1,"location":{"column":5,"line":45},"numPassingAsserts":3,"retryReasons":[],"status":"passed","title":"renders business panel with correct title"},{"ancestorTitles":["BusinessPanel"],"duration":37,"failureDetails":[],"failureMessages":[],"fullName":"BusinessPanel calls onClose when close button is clicked","invocations":1,"location":{"column":5,"line":64},"numPassingAsserts":1,"retryReasons":[],"status":"passed","title":"calls onClose when close button is clicked"},{"ancestorTitles":["BusinessPanel"],"duration":20,"failureDetails":[],"failureMessages":[],"fullName":"BusinessPanel displays correct buffer information","invocations":1,"location":{"column":5,"line":80},"numPassingAsserts":2,"retryReasons":[],"status":"passed","title":"displays correct buffer information"},{"ancestorTitles":["BusinessPanel"],"duration":1,"failureDetails":[],"failureMessages":[],"fullName":"BusinessPanel calculates upgrade cost correctly (no 1.5x multiplier, independent upgrades)","invocations":1,"location":{"column":5,"line":101},"numPassingAsserts":3,"retryReasons":[],"status":"passed","title":"calculates upgrade cost correctly (no 1.5x multiplier, independent upgrades)"},{"ancestorTitles":["BusinessPanel"],"duration":0,"failureDetails":[],"failureMessages":[],"fullName":"BusinessPanel calculates upgrade cost correctly (first upgrade is 50, then 1.7x)","invocations":1,"location":{"column":5,"line":117},"numPassingAsserts":3,"retryReasons":[],"status":"passed","title":"calculates upgrade cost correctly (first upgrade is 50, then 1.7x)"},{"ancestorTitles":["BusinessPanel"],"duration":1,"failureDetails":[],"failureMessages":[],"fullName":"BusinessPanel returns correct business name for different types and resources","invocations":1,"location":{"column":5,"line":135},"numPassingAsserts":5,"retryReasons":[],"status":"passed","title":"returns correct business name for different types and resources"},{"ancestorTitles":["BusinessPanel"],"duration":1,"failureDetails":[],"failureMessages":[],"fullName":"BusinessPanel returns correct resource name for different resource types","invocations":1,"location":{"column":5,"line":149},"numPassingAsserts":9,"retryReasons":[],"status":"passed","title":"returns correct resource name for different resource types"},{"ancestorTitles":["BusinessPanel"],"duration":22,"failureDetails":[],"failureMessages":[],"fullName":"BusinessPanel calls onUpgrade for input capacity upgrade","invocations":1,"location":{"column":5,"line":161},"numPassingAsserts":2,"retryReasons":[],"status":"passed","title":"calls onUpgrade for input capacity upgrade"},{"ancestorTitles":["BusinessPanel"],"duration":33,"failureDetails":[],"failureMessages":[],"fullName":"BusinessPanel calls onUpgrade for processing speed upgrade","invocations":1,"location":{"column":5,"line":184},"numPassingAsserts":2,"retryReasons":[],"status":"passed","title":"calls onUpgrade for processing speed upgrade"},{"ancestorTitles":["BusinessPanel"],"duration":19,"failureDetails":[],"failureMessages":[],"fullName":"BusinessPanel calls onUpgrade for output capacity upgrade","invocations":1,"location":{"column":5,"line":207},"numPassingAsserts":2,"retryReasons":[],"status":"passed","title":"calls onUpgrade for output capacity upgrade"},{"ancestorTitles":["BusinessPanel"],"duration":15,"failureDetails":[],"failureMessages":[],"fullName":"BusinessPanel displays correct storage information","invocations":1,"location":{"column":5,"line":230},"numPassingAsserts":2,"retryReasons":[],"status":"passed","title":"displays correct storage information"},{"ancestorTitles":["getBufferStatusColor"],"duration":0,"failureDetails":[],"failureMessages":[],"fullName":"getBufferStatusColor returns red when fillPercentage >= 90","invocations":1,"location":{"column":5,"line":247},"numPassingAsserts":3,"retryReasons":[],"status":"passed","title":"returns red when fillPercentage >= 90"},{"ancestorTitles":["getBufferStatusColor"],"duration":0,"failureDetails":[],"failureMessages":[],"fullName":"getBufferStatusColor returns yellow when 70 <= fillPercentage < 90","invocations":1,"location":{"column":5,"line":253},"numPassingAsserts":3,"retryReasons":[],"status":"passed","title":"returns yellow when 70 <= fillPercentage < 90"},{"ancestorTitles":["getBufferStatusColor"],"duration":0,"failureDetails":[],"failureMessages":[],"fullName":"getBufferStatusColor returns blue when 0 < fillPercentage <= 10","invocations":1,"location":{"column":5,"line":259},"numPassingAsserts":3,"retryReasons":[],"status":"passed","title":"returns blue when 0 < fillPercentage <= 10"},{"ancestorTitles":["getBufferStatusColor"],"duration":0,"failureDetails":[],"failureMessages":[],"fullName":"getBufferStatusColor returns green for normal operation","invocations":1,"location":{"column":5,"line":265},"numPassingAsserts":3,"retryReasons":[],"status":"passed","title":"returns green for normal operation"},{"ancestorTitles":["getBufferStatusColor"],"duration":0,"failureDetails":[],"failureMessages":[],"fullName":"getBufferStatusColor handles edge cases","invocations":1,"location":{"column":5,"line":271},"numPassingAsserts":5,"retryReasons":[],"status":"passed","title":"handles edge cases"},{"ancestorTitles":["getBusinessName edge case"],"duration":1,"failureDetails":[],"failureMessages":[],"fullName":"getBusinessName edge case returns Unknown Business for unknown type","invocations":1,"location":{"column":5,"line":281},"numPassingAsserts":1,"retryReasons":[],"status":"passed","title":"returns Unknown Business for unknown type"},{"ancestorTitles":["getResourceName edge case"],"duration":0,"failureDetails":[],"failureMessages":[],"fullName":"getResourceName edge case returns None for unknown resource type","invocations":1,"location":{"column":5,"line":288},"numPassingAsserts":1,"retryReasons":[],"status":"passed","title":"returns None for unknown resource type"}],"endTime":1747701916535,"message":"","name":"/Users/jonathangroberg/repos/roblox-tycoon--1-/components/__tests__/business-panel.test.tsx","startTime":1747701914998,"status":"passed","summary":""},{"assertionResults":[{"ancestorTitles":["GameWorld"],"duration":51,"failureDetails":[],"failureMessages":[],"fullName":"GameWorld renders the game world with grid","invocations":1,"location":{"column":5,"line":65},"numPassingAsserts":2,"retryReasons":[],"status":"passed","title":"renders the game world with grid"},{"ancestorTitles":["GameWorld"],"duration":24,"failureDetails":[],"failureMessages":[],"fullName":"GameWorld renders all businesses","invocations":1,"location":{"column":5,"line":74},"numPassingAsserts":1,"retryReasons":[],"status":"passed","title":"renders all businesses"},{"ancestorTitles":["GameWorld"],"duration":24,"failureDetails":[],"failureMessages":[],"fullName":"GameWorld handles business selection","invocations":1,"location":{"column":5,"line":81},"numPassingAsserts":2,"retryReasons":[],"status":"passed","title":"handles business selection"},{"ancestorTitles":["GameWorld"],"duration":21,"failureDetails":[],"failureMessages":[],"fullName":"GameWorld shows business placement preview when placingBusiness is set","invocations":1,"location":{"column":5,"line":90},"numPassingAsserts":1,"retryReasons":[],"status":"passed","title":"shows business placement preview when placingBusiness is set"},{"ancestorTitles":["GameWorld"],"duration":41,"failureDetails":[],"failureMessages":[],"fullName":"GameWorld handles business placement on click","invocations":1,"location":{"column":5,"line":100},"numPassingAsserts":1,"retryReasons":[],"status":"passed","title":"handles business placement on click"},{"ancestorTitles":["GameWorld"],"duration":32,"failureDetails":[],"failureMessages":[],"fullName":"GameWorld renders active deliveries","invocations":1,"location":{"column":5,"line":130},"numPassingAsserts":1,"retryReasons":[],"status":"passed","title":"renders active deliveries"},{"ancestorTitles":["GameWorld"],"duration":17,"failureDetails":[],"failureMessages":[],"fullName":"GameWorld handles delivery completion","invocations":1,"location":{"column":5,"line":152},"numPassingAsserts":2,"retryReasons":[],"status":"passed","title":"handles delivery completion"},{"ancestorTitles":["GameWorld"],"duration":39,"failureDetails":[],"failureMessages":[],"fullName":"GameWorld updates mouse position on mouse move","invocations":1,"location":{"column":5,"line":179},"numPassingAsserts":2,"retryReasons":[],"status":"passed","title":"updates mouse position on mouse move"}],"endTime":1747701916571,"message":"","name":"/Users/jonathangroberg/repos/roblox-tycoon--1-/components/__tests__/game-world.test.tsx","startTime":1747701914975,"status":"passed","summary":""},{"assertionResults":[{"ancestorTitles":["TycoonGame"],"duration":135,"failureDetails":[],"failureMessages":[],"fullName":"TycoonGame renders the game and initializes with the correct game state","invocations":1,"location":{"column":5,"line":78},"numPassingAsserts":1,"retryReasons":[],"status":"passed","title":"renders the game and initializes with the correct game state"},{"ancestorTitles":["TycoonGame"],"duration":46,"failureDetails":[],"failureMessages":[],"fullName":"TycoonGame initializes market prices for all resource types","invocations":1,"location":{"column":5,"line":83},"numPassingAsserts":9,"retryReasons":[],"status":"passed","title":"initializes market prices for all resource types"},{"ancestorTitles":["TycoonGame"],"duration":24,"failureDetails":[],"failureMessages":[],"fullName":"TycoonGame shows tutorial overlay on initial render","invocations":1,"location":{"column":5,"line":90},"numPassingAsserts":1,"retryReasons":[],"status":"passed","title":"shows tutorial overlay on initial render"},{"ancestorTitles":["TycoonGame"],"duration":32,"failureDetails":[],"failureMessages":[],"fullName":"TycoonGame closes tutorial overlay when start button is clicked","invocations":1,"location":{"column":5,"line":95},"numPassingAsserts":1,"retryReasons":[],"status":"passed","title":"closes tutorial overlay when start button is clicked"},{"ancestorTitles":["TycoonGame"],"duration":75,"failureDetails":[],"failureMessages":[],"fullName":"TycoonGame allows placing a wood camp when enough coins are available","invocations":1,"location":{"column":5,"line":102},"numPassingAsserts":2,"retryReasons":[],"status":"passed","title":"allows placing a wood camp when enough coins are available"},{"ancestorTitles":["TycoonGame"],"duration":42,"failureDetails":[],"failureMessages":[],"fullName":"TycoonGame prevents placing a wood camp when not enough coins are available","invocations":1,"location":{"column":5,"line":125},"numPassingAsserts":3,"retryReasons":[],"status":"passed","title":"prevents placing a wood camp when not enough coins are available"},{"ancestorTitles":["TycoonGame"],"duration":36,"failureDetails":[],"failureMessages":[],"fullName":"TycoonGame updates market prices over time","invocations":1,"location":{"column":5,"line":141},"numPassingAsserts":1,"retryReasons":[],"status":"passed","title":"updates market prices over time"},{"ancestorTitles":["TycoonGame"],"duration":68,"failureDetails":[],"failureMessages":[],"fullName":"TycoonGame handles business selection and panel display","invocations":1,"location":{"column":5,"line":153},"numPassingAsserts":3,"retryReasons":[],"status":"passed","title":"handles business selection and panel display"},{"ancestorTitles":["TycoonGame"],"duration":291,"failureDetails":[],"failureMessages":[],"fullName":"TycoonGame handles shipping type hiring","invocations":1,"location":{"column":5,"line":184},"numPassingAsserts":5,"retryReasons":[],"status":"passed","title":"handles shipping type hiring"},{"ancestorTitles":["TycoonGame"],"duration":329,"failureDetails":[],"failureMessages":[],"fullName":"TycoonGame handles shipping type selling","invocations":1,"location":{"column":5,"line":238},"numPassingAsserts":5,"retryReasons":[],"status":"passed","title":"handles shipping type selling"},{"ancestorTitles":["TycoonGame"],"duration":37,"failureDetails":[],"failureMessages":[],"fullName":"TycoonGame renders music controls and allows volume adjustment","invocations":1,"location":{"column":5,"line":287},"numPassingAsserts":3,"retryReasons":[],"status":"passed","title":"renders music controls and allows volume adjustment"},{"ancestorTitles":["TycoonGame"],"duration":179,"failureDetails":[],"failureMessages":[],"fullName":"TycoonGame handles business upgrades correctly","invocations":1,"location":{"column":5,"line":311},"numPassingAsserts":8,"retryReasons":[],"status":"passed","title":"handles business upgrades correctly"},{"ancestorTitles":["TycoonGame"],"duration":50,"failureDetails":[],"failureMessages":[],"fullName":"TycoonGame handles resource production and delivery","invocations":1,"location":{"column":5,"line":371},"numPassingAsserts":5,"retryReasons":[],"status":"passed","title":"handles resource production and delivery"},{"ancestorTitles":["TycoonGame"],"duration":17,"failureDetails":[],"failureMessages":[],"fullName":"TycoonGame handles market price fluctuations","invocations":1,"location":{"column":5,"line":425},"numPassingAsserts":2,"retryReasons":[],"status":"passed","title":"handles market price fluctuations"},{"ancestorTitles":["TycoonGame"],"duration":22,"failureDetails":[],"failureMessages":[],"fullName":"TycoonGame handles worker wages and resource gathering","invocations":1,"location":{"column":5,"line":455},"numPassingAsserts":3,"retryReasons":[],"status":"passed","title":"handles worker wages and resource gathering"},{"ancestorTitles":["TycoonGame"],"duration":46,"failureDetails":[],"failureMessages":[],"fullName":"TycoonGame shows relocation preview and confirmation panel, and handles confirm/cancel","invocations":1,"location":{"column":5,"line":485},"numPassingAsserts":5,"retryReasons":[],"status":"passed","title":"shows relocation preview and confirmation panel, and handles confirm/cancel"},{"ancestorTitles":["TycoonGame"],"duration":33,"failureDetails":[],"failureMessages":[],"fullName":"TycoonGame unlocks relocator achievement when relocating a business","invocations":1,"location":{"column":5,"line":529},"numPassingAsserts":4,"retryReasons":[],"status":"passed","title":"unlocks relocator achievement when relocating a business"},{"ancestorTitles":["TycoonGame"],"duration":32,"failureDetails":[],"failureMessages":[],"fullName":"TycoonGame cancels relocation when clicking outside the panel","invocations":1,"location":{"column":5,"line":567},"numPassingAsserts":2,"retryReasons":[],"status":"passed","title":"cancels relocation when clicking outside the panel"},{"ancestorTitles":["TycoonGame extra coverage"],"duration":47,"failureDetails":[],"failureMessages":[],"fullName":"TycoonGame extra coverage allows placing every business type","invocations":1,"location":{"column":5,"line":592},"numPassingAsserts":1,"retryReasons":[],"status":"passed","title":"allows placing every business type"},{"ancestorTitles":["TycoonGame extra coverage"],"duration":20,"failureDetails":[],"failureMessages":[],"fullName":"TycoonGame extra coverage allows placing a business with coins exactly equal to cost","invocations":1,"location":{"column":5,"line":619},"numPassingAsserts":2,"retryReasons":[],"status":"passed","title":"allows placing a business with coins exactly equal to cost"},{"ancestorTitles":["TycoonGame extra coverage"],"duration":18,"failureDetails":[],"failureMessages":[],"fullName":"TycoonGame extra coverage prevents placing a business when coins are negative","invocations":1,"location":{"column":5,"line":634},"numPassingAsserts":3,"retryReasons":[],"status":"passed","title":"prevents placing a business when coins are negative"},{"ancestorTitles":["TycoonGame extra coverage"],"duration":26,"failureDetails":[],"failureMessages":[],"fullName":"TycoonGame extra coverage shows and dismisses achievement notification","invocations":1,"location":{"column":5,"line":650},"numPassingAsserts":2,"retryReasons":[],"status":"passed","title":"shows and dismisses achievement notification"}],"endTime":1747701918077,"message":"","name":"/Users/jonathangroberg/repos/roblox-tycoon--1-/components/__tests__/tycoon-game.test.tsx","startTime":1747701915013,"status":"passed","summary":""}],"wasInterrupted":false,"coverageMap":{"/Users/jonathangroberg/repos/roblox-tycoon--1-/lib/game-utils.ts":{"path":"/Users/jonathangroberg/repos/roblox-tycoon--1-/lib/game-utils.ts","statementMap":{"0":{"start":{"line":3,"column":16},"end":{"line":3,"column":32}},"1":{"start":{"line":4,"column":2},"end":{"line":4,"column":null}},"2":{"start":{"line":4,"column":46},"end":{"line":4,"column":83}}},"fnMap":{"0":{"name":"calculateEquity","decl":{"start":{"line":3,"column":16},"end":{"line":3,"column":32}},"loc":{"start":{"line":3,"column":54},"end":{"line":5,"column":null}}},"1":{"name":"(anonymous_2)","decl":{"start":{"line":4,"column":27},"end":{"line":4,"column":28}},"loc":{"start":{"line":4,"column":46},"end":{"line":4,"column":83}}}},"branchMap":{"0":{"loc":{"start":{"line":4,"column":53},"end":{"line":4,"column":83}},"type":"binary-expr","locations":[{"start":{"line":4,"column":53},"end":{"line":4,"column":75}},{"start":{"line":4,"column":79},"end":{"line":4,"column":83}}]}},"s":{"0":3,"1":3,"2":5},"f":{"0":3,"1":5},"b":{"0":[5,2]}},"/Users/jonathangroberg/repos/roblox-tycoon--1-/lib/game-logic.ts":{"path":"/Users/jonathangroberg/repos/roblox-tycoon--1-/lib/game-logic.ts","statementMap":{"0":{"start":{"line":7,"column":16},"end":{"line":7,"column":32}},"1":{"start":{"line":53,"column":16},"end":{"line":53,"column":30}},"2":{"start":{"line":13,"column":16},"end":{"line":13,"column":35}},"3":{"start":{"line":1,"column":69},"end":{"line":1,"column":null}},"4":{"start":{"line":4,"column":16},"end":{"line":4,"column":null}},"5":{"start":{"line":8,"column":2},"end":{"line":8,"column":null}},"6":{"start":{"line":9,"column":2},"end":{"line":9,"column":null}},"7":{"start":{"line":14,"column":2},"end":{"line":50,"column":null}},"8":{"start":{"line":54,"column":15},"end":{"line":54,"column":null}},"9":{"start":{"line":56,"column":2},"end":{"line":62,"column":null}},"10":{"start":{"line":57,"column":4},"end":{"line":61,"column":null}},"11":{"start":{"line":64,"column":2},"end":{"line":66,"column":null}},"12":{"start":{"line":65,"column":4},"end":{"line":65,"column":null}},"13":{"start":{"line":68,"column":12},"end":{"line":68,"column":null}},"14":{"start":{"line":69,"column":2},"end":{"line":69,"column":null}}},"fnMap":{"0":{"name":"generateUniqueId","decl":{"start":{"line":7,"column":16},"end":{"line":7,"column":32}},"loc":{"start":{"line":7,"column":47},"end":{"line":10,"column":null}}},"1":{"name":"initializeGameState","decl":{"start":{"line":13,"column":16},"end":{"line":13,"column":35}},"loc":{"start":{"line":13,"column":16},"end":{"line":51,"column":null}}},"2":{"name":"getUpgradeCost","decl":{"start":{"line":53,"column":16},"end":{"line":53,"column":30}},"loc":{"start":{"line":53,"column":123},"end":{"line":70,"column":null}}}},"branchMap":{"0":{"loc":{"start":{"line":56,"column":2},"end":{"line":62,"column":null}},"type":"if","locations":[{"start":{"line":56,"column":2},"end":{"line":62,"column":null}}]},"1":{"loc":{"start":{"line":64,"column":2},"end":{"line":66,"column":null}},"type":"if","locations":[{"start":{"line":64,"column":2},"end":{"line":66,"column":null}}]},"2":{"loc":{"start":{"line":68,"column":12},"end":{"line":68,"column":null}},"type":"binary-expr","locations":[{"start":{"line":68,"column":12},"end":{"line":68,"column":42}},{"start":{"line":68,"column":46},"end":{"line":68,"column":null}}]}},"s":{"0":4,"1":26,"2":6,"3":5,"4":5,"5":64,"6":64,"7":48,"8":61,"9":61,"10":3,"11":61,"12":0,"13":61,"14":61},"f":{"0":64,"1":48,"2":61},"b":{"0":[3],"1":[0],"2":[61,57]}},"/Users/jonathangroberg/repos/roblox-tycoon--1-/lib/game-types.ts":{"path":"/Users/jonathangroberg/repos/roblox-tycoon--1-/lib/game-types.ts","statementMap":{"0":{"start":{"line":3,"column":12},"end":{"line":3,"column":24}},"1":{"start":{"line":15,"column":12},"end":{"line":15,"column":24}}},"fnMap":{},"branchMap":{},"s":{"0":21292,"1":1732},"f":{},"b":{}},"/Users/jonathangroberg/repos/roblox-tycoon--1-/lib/game-state.tsx":{"path":"/Users/jonathangroberg/repos/roblox-tycoon--1-/lib/game-state.tsx","statementMap":{"0":{"start":{"line":14,"column":16},"end":{"line":14,"column":33}},"1":{"start":{"line":24,"column":16},"end":{"line":24,"column":28}},"2":{"start":{"line":3,"column":63},"end":{"line":3,"column":null}},"3":{"start":{"line":5,"column":36},"end":{"line":5,"column":null}},"4":{"start":{"line":12,"column":25},"end":{"line":12,"column":null}},"5":{"start":{"line":15,"column":38},"end":{"line":15,"column":null}},"6":{"start":{"line":25,"column":20},"end":{"line":25,"column":null}},"7":{"start":{"line":26,"column":4},"end":{"line":28,"column":null}},"8":{"start":{"line":27,"column":8},"end":{"line":27,"column":null}},"9":{"start":{"line":29,"column":4},"end":{"line":29,"column":null}}},"fnMap":{"0":{"name":"GameStateProvider","decl":{"start":{"line":14,"column":16},"end":{"line":14,"column":33}},"loc":{"start":{"line":14,"column":71},"end":{"line":22,"column":null}}},"1":{"name":"useGameState","decl":{"start":{"line":24,"column":16},"end":{"line":24,"column":28}},"loc":{"start":{"line":24,"column":16},"end":{"line":30,"column":null}}}},"branchMap":{"0":{"loc":{"start":{"line":26,"column":4},"end":{"line":28,"column":null}},"type":"if","locations":[{"start":{"line":26,"column":4},"end":{"line":28,"column":null}}]}},"s":{"0":23,"1":2,"2":2,"3":2,"4":2,"5":23,"6":2,"7":2,"8":1,"9":1},"f":{"0":23,"1":2},"b":{"0":[1]}},"/Users/jonathangroberg/repos/roblox-tycoon--1-/components/achievements-panel.tsx":{"path":"/Users/jonathangroberg/repos/roblox-tycoon--1-/components/achievements-panel.tsx","statementMap":{"0":{"start":{"line":30,"column":0},"end":{"line":30,"column":15}},"1":{"start":{"line":1,"column":18},"end":{"line":1,"column":null}},"2":{"start":{"line":2,"column":29},"end":{"line":2,"column":null}},"3":{"start":{"line":4,"column":26},"end":{"line":28,"column":null}},"4":{"start":{"line":12,"column":46},"end":{"line":12,"column":52}},"5":{"start":{"line":13,"column":24},"end":{"line":14,"column":44}},"6":{"start":{"line":30,"column":15},"end":{"line":30,"column":null}}},"fnMap":{"0":{"name":"AchievementsPanel","decl":{"start":{"line":4,"column":35},"end":{"line":4,"column":53}},"loc":{"start":{"line":4,"column":145},"end":{"line":28,"column":null}}},"1":{"name":"(anonymous_3)","decl":{"start":{"line":11,"column":38},"end":{"line":11,"column":null}},"loc":{"start":{"line":11,"column":38},"end":{"line":23,"column":null}}}},"branchMap":{"0":{"loc":{"start":{"line":14,"column":94},"end":{"line":14,"column":159}},"type":"cond-expr","locations":[{"start":{"line":14,"column":116},"end":{"line":14,"column":133}},{"start":{"line":14,"column":133},"end":{"line":14,"column":159}}]},"1":{"loc":{"start":{"line":15,"column":33},"end":{"line":15,"column":50}},"type":"binary-expr","locations":[{"start":{"line":15,"column":33},"end":{"line":15,"column":50}}]}},"s":{"0":8,"1":2,"2":2,"3":2,"4":28,"5":28,"6":2},"f":{"0":6,"1":28},"b":{"0":[3,25],"1":[28]}},"/Users/jonathangroberg/repos/roblox-tycoon--1-/components/delivery-bot.tsx":{"path":"/Users/jonathangroberg/repos/roblox-tycoon--1-/components/delivery-bot.tsx","statementMap":{"0":{"start":{"line":19,"column":24},"end":{"line":19,"column":42}},"1":{"start":{"line":3,"column":36},"end":{"line":3,"column":null}},"2":{"start":{"line":4,"column":47},"end":{"line":4,"column":null}},"3":{"start":{"line":6,"column":38},"end":{"line":6,"column":null}},"4":{"start":{"line":29,"column":34},"end":{"line":29,"column":null}},"5":{"start":{"line":30,"column":34},"end":{"line":30,"column":null}},"6":{"start":{"line":31,"column":29},"end":{"line":31,"column":null}},"7":{"start":{"line":32,"column":15},"end":{"line":32,"column":38}},"8":{"start":{"line":35,"column":27},"end":{"line":56,"column":null}},"9":{"start":{"line":36,"column":4},"end":{"line":55,"column":null}},"10":{"start":{"line":38,"column":8},"end":{"line":38,"column":null}},"11":{"start":{"line":40,"column":8},"end":{"line":40,"column":null}},"12":{"start":{"line":42,"column":8},"end":{"line":42,"column":null}},"13":{"start":{"line":44,"column":8},"end":{"line":44,"column":null}},"14":{"start":{"line":46,"column":8},"end":{"line":46,"column":null}},"15":{"start":{"line":48,"column":8},"end":{"line":48,"column":null}},"16":{"start":{"line":50,"column":8},"end":{"line":50,"column":null}},"17":{"start":{"line":52,"column":8},"end":{"line":52,"column":null}},"18":{"start":{"line":54,"column":8},"end":{"line":54,"column":null}},"19":{"start":{"line":58,"column":2},"end":{"line":88,"column":null}},"20":{"start":{"line":59,"column":16},"end":{"line":59,"column":null}},"21":{"start":{"line":61,"column":26},"end":{"line":61,"column":null}},"22":{"start":{"line":62,"column":22},"end":{"line":62,"column":null}},"23":{"start":{"line":64,"column":28},"end":{"line":81,"column":null}},"24":{"start":{"line":65,"column":26},"end":{"line":65,"column":null}},"25":{"start":{"line":66,"column":22},"end":{"line":66,"column":null}},"26":{"start":{"line":67,"column":26},"end":{"line":67,"column":null}},"27":{"start":{"line":70,"column":19},"end":{"line":70,"column":null}},"28":{"start":{"line":71,"column":19},"end":{"line":71,"column":null}},"29":{"start":{"line":73,"column":6},"end":{"line":73,"column":null}},"30":{"start":{"line":74,"column":6},"end":{"line":74,"column":null}},"31":{"start":{"line":76,"column":6},"end":{"line":80,"column":null}},"32":{"start":{"line":77,"column":8},"end":{"line":77,"column":null}},"33":{"start":{"line":79,"column":8},"end":{"line":79,"column":null}},"34":{"start":{"line":83,"column":4},"end":{"line":83,"column":null}},"35":{"start":{"line":85,"column":4},"end":{"line":87,"column":null}}},"fnMap":{"0":{"name":"DeliveryBotEntity","decl":{"start":{"line":19,"column":24},"end":{"line":19,"column":42}},"loc":{"start":{"line":28,"column":25},"end":{"line":112,"column":null}}},"1":{"name":"(anonymous_2)","decl":{"start":{"line":35,"column":27},"end":{"line":35,"column":28}},"loc":{"start":{"line":35,"column":28},"end":{"line":56,"column":null}}},"2":{"name":"(anonymous_3)","decl":{"start":{"line":58,"column":12},"end":{"line":58,"column":null}},"loc":{"start":{"line":58,"column":12},"end":{"line":88,"column":5}}},"3":{"name":"(anonymous_4)","decl":{"start":{"line":64,"column":28},"end":{"line":64,"column":null}},"loc":{"start":{"line":64,"column":28},"end":{"line":81,"column":null}}},"4":{"name":"(anonymous_5)","decl":{"start":{"line":85,"column":11},"end":{"line":85,"column":null}},"loc":{"start":{"line":85,"column":11},"end":{"line":87,"column":null}}}},"branchMap":{"0":{"loc":{"start":{"line":36,"column":4},"end":{"line":55,"column":null}},"type":"switch","locations":[{"start":{"line":37,"column":6},"end":{"line":38,"column":null}},{"start":{"line":39,"column":6},"end":{"line":40,"column":null}},{"start":{"line":41,"column":6},"end":{"line":42,"column":null}},{"start":{"line":43,"column":6},"end":{"line":44,"column":null}},{"start":{"line":45,"column":6},"end":{"line":46,"column":null}},{"start":{"line":47,"column":6},"end":{"line":48,"column":null}},{"start":{"line":49,"column":6},"end":{"line":50,"column":null}},{"start":{"line":51,"column":6},"end":{"line":52,"column":null}},{"start":{"line":53,"column":6},"end":{"line":54,"column":null}}]},"1":{"loc":{"start":{"line":76,"column":6},"end":{"line":80,"column":null}},"type":"if","locations":[{"start":{"line":76,"column":6},"end":{"line":80,"column":null}},{"start":{"line":78,"column":13},"end":{"line":80,"column":null}}]},"2":{"loc":{"start":{"line":105,"column":7},"end":{"line":105,"column":null}},"type":"binary-expr","locations":[{"start":{"line":105,"column":7},"end":{"line":105,"column":null}}]}},"s":{"0":32,"1":3,"2":3,"3":3,"4":34,"5":34,"6":34,"7":34,"8":34,"9":34,"10":33,"11":0,"12":0,"13":1,"14":0,"15":0,"16":0,"17":0,"18":0,"19":34,"20":32,"21":32,"22":32,"23":32,"24":13024,"25":13024,"26":13024,"27":13024,"28":13024,"29":13024,"30":13024,"31":13024,"32":13012,"33":12,"34":32,"35":32},"f":{"0":34,"1":34,"2":32,"3":13024,"4":32},"b":{"0":[33,0,0,1,0,0,0,0,0],"1":[13012,12],"2":[34]}},"/Users/jonathangroberg/repos/roblox-tycoon--1-/lib/shipping-types.ts":{"path":"/Users/jonathangroberg/repos/roblox-tycoon--1-/lib/shipping-types.ts","statementMap":{"0":{"start":{"line":13,"column":13},"end":{"line":13,"column":27}},"1":{"start":{"line":125,"column":16},"end":{"line":125,"column":37}},"2":{"start":{"line":116,"column":16},"end":{"line":116,"column":37}},"3":{"start":{"line":1,"column":90},"end":{"line":1,"column":null}},"4":{"start":{"line":13,"column":52},"end":{"line":113,"column":null}},"5":{"start":{"line":117,"column":17},"end":{"line":117,"column":null}},"6":{"start":{"line":117,"column":45},"end":{"line":117,"column":null}},"7":{"start":{"line":118,"column":2},"end":{"line":120,"column":null}},"8":{"start":{"line":119,"column":4},"end":{"line":119,"column":null}},"9":{"start":{"line":121,"column":2},"end":{"line":121,"column":null}},"10":{"start":{"line":126,"column":17},"end":{"line":126,"column":null}},"11":{"start":{"line":128,"column":2},"end":{"line":128,"column":null}}},"fnMap":{"0":{"name":"getShippingTypeConfig","decl":{"start":{"line":116,"column":16},"end":{"line":116,"column":37}},"loc":{"start":{"line":116,"column":52},"end":{"line":122,"column":null}}},"1":{"name":"(anonymous_5)","decl":{"start":{"line":117,"column":37},"end":{"line":117,"column":45}},"loc":{"start":{"line":117,"column":45},"end":{"line":117,"column":null}}},"2":{"name":"calculateShippingCost","decl":{"start":{"line":125,"column":16},"end":{"line":125,"column":37}},"loc":{"start":{"line":125,"column":72},"end":{"line":129,"column":null}}}},"branchMap":{"0":{"loc":{"start":{"line":118,"column":2},"end":{"line":120,"column":null}},"type":"if","locations":[{"start":{"line":118,"column":2},"end":{"line":120,"column":null}}]}},"s":{"0":24,"1":268,"2":61,"3":4,"4":4,"5":329,"6":1673,"7":329,"8":0,"9":329,"10":268,"11":268},"f":{"0":329,"1":1673,"2":268},"b":{"0":[0]}},"/Users/jonathangroberg/repos/roblox-tycoon--1-/components/notification-toast.tsx":{"path":"/Users/jonathangroberg/repos/roblox-tycoon--1-/components/notification-toast.tsx","statementMap":{"0":{"start":{"line":89,"column":0},"end":{"line":89,"column":15}},"1":{"start":{"line":1,"column":33},"end":{"line":1,"column":null}},"2":{"start":{"line":2,"column":21},"end":{"line":2,"column":null}},"3":{"start":{"line":3,"column":29},"end":{"line":3,"column":null}},"4":{"start":{"line":12,"column":16},"end":{"line":12,"column":77}},"5":{"start":{"line":13,"column":14},"end":{"line":13,"column":null}},"6":{"start":{"line":14,"column":14},"end":{"line":14,"column":null}},"7":{"start":{"line":15,"column":4},"end":{"line":15,"column":null}},"8":{"start":{"line":16,"column":4},"end":{"line":16,"column":29}},"9":{"start":{"line":17,"column":4},"end":{"line":17,"column":null}},"10":{"start":{"line":18,"column":4},"end":{"line":18,"column":null}},"11":{"start":{"line":19,"column":4},"end":{"line":19,"column":null}},"12":{"start":{"line":20,"column":4},"end":{"line":20,"column":null}},"13":{"start":{"line":21,"column":4},"end":{"line":21,"column":null}},"14":{"start":{"line":22,"column":4},"end":{"line":22,"column":null}},"15":{"start":{"line":23,"column":4},"end":{"line":23,"column":null}},"16":{"start":{"line":24,"column":4},"end":{"line":24,"column":null}},"17":{"start":{"line":24,"column":22},"end":{"line":24,"column":null}},"18":{"start":{"line":27,"column":26},"end":{"line":87,"column":null}},"19":{"start":{"line":29,"column":4},"end":{"line":33,"column":null}},"20":{"start":{"line":30,"column":8},"end":{"line":30,"column":null}},"21":{"start":{"line":30,"column":35},"end":{"line":30,"column":null}},"22":{"start":{"line":31,"column":23},"end":{"line":31,"column":null}},"23":{"start":{"line":31,"column":46},"end":{"line":31,"column":null}},"24":{"start":{"line":31,"column":63},"end":{"line":31,"column":80}},"25":{"start":{"line":32,"column":8},"end":{"line":32,"column":null}},"26":{"start":{"line":32,"column":21},"end":{"line":32,"column":null}},"27":{"start":{"line":36,"column":33},"end":{"line":36,"column":null}},"28":{"start":{"line":37,"column":4},"end":{"line":43,"column":null}},"29":{"start":{"line":38,"column":33},"end":{"line":38,"column":112}},"30":{"start":{"line":38,"column":59},"end":{"line":38,"column":106}},"31":{"start":{"line":39,"column":8},"end":{"line":41,"column":null}},"32":{"start":{"line":40,"column":12},"end":{"line":40,"column":null}},"33":{"start":{"line":42,"column":8},"end":{"line":42,"column":null}},"34":{"start":{"line":45,"column":22},"end":{"line":45,"column":null}},"35":{"start":{"line":46,"column":25},"end":{"line":46,"column":null}},"36":{"start":{"line":46,"column":49},"end":{"line":46,"column":null}},"37":{"start":{"line":52,"column":30},"end":{"line":52,"column":36}},"38":{"start":{"line":52,"column":52},"end":{"line":52,"column":null}},"39":{"start":{"line":53,"column":16},"end":{"line":60,"column":null}},"40":{"start":{"line":54,"column":33},"end":{"line":54,"column":null}},"41":{"start":{"line":55,"column":40},"end":{"line":55,"column":null}},"42":{"start":{"line":55,"column":63},"end":{"line":55,"column":null}},"43":{"start":{"line":56,"column":20},"end":{"line":59,"column":null}},"44":{"start":{"line":57,"column":24},"end":{"line":57,"column":null}},"45":{"start":{"line":58,"column":24},"end":{"line":58,"column":null}},"46":{"start":{"line":61,"column":16},"end":{"line":63,"column":null}},"47":{"start":{"line":67,"column":39},"end":{"line":67,"column":null}},"48":{"start":{"line":89,"column":15},"end":{"line":89,"column":null}}},"fnMap":{"0":{"name":"playAchievementChime","decl":{"start":{"line":11,"column":9},"end":{"line":11,"column":null}},"loc":{"start":{"line":11,"column":9},"end":{"line":25,"column":null}}},"1":{"name":"(anonymous_6)","decl":{"start":{"line":24,"column":16},"end":{"line":24,"column":22}},"loc":{"start":{"line":24,"column":22},"end":{"line":24,"column":null}}},"2":{"name":"NotificationToast","decl":{"start":{"line":27,"column":35},"end":{"line":27,"column":53}},"loc":{"start":{"line":27,"column":149},"end":{"line":87,"column":null}}},"3":{"name":"(anonymous_8)","decl":{"start":{"line":29,"column":14},"end":{"line":29,"column":null}},"loc":{"start":{"line":29,"column":14},"end":{"line":33,"column":7}}},"4":{"name":"(anonymous_9)","decl":{"start":{"line":31,"column":41},"end":{"line":31,"column":46}},"loc":{"start":{"line":31,"column":46},"end":{"line":31,"column":null}}},"5":{"name":"(anonymous_10)","decl":{"start":{"line":31,"column":57},"end":{"line":31,"column":63}},"loc":{"start":{"line":31,"column":63},"end":{"line":31,"column":80}}},"6":{"name":"(anonymous_11)","decl":{"start":{"line":32,"column":15},"end":{"line":32,"column":21}},"loc":{"start":{"line":32,"column":21},"end":{"line":32,"column":null}}},"7":{"name":"(anonymous_12)","decl":{"start":{"line":37,"column":14},"end":{"line":37,"column":null}},"loc":{"start":{"line":37,"column":14},"end":{"line":43,"column":7}}},"8":{"name":"(anonymous_13)","decl":{"start":{"line":38,"column":54},"end":{"line":38,"column":59}},"loc":{"start":{"line":38,"column":59},"end":{"line":38,"column":106}}},"9":{"name":"(anonymous_14)","decl":{"start":{"line":46,"column":44},"end":{"line":46,"column":49}},"loc":{"start":{"line":46,"column":49},"end":{"line":46,"column":null}}},"10":{"name":"(anonymous_15)","decl":{"start":{"line":50,"column":31},"end":{"line":50,"column":null}},"loc":{"start":{"line":50,"column":31},"end":{"line":84,"column":null}}},"11":{"name":"(anonymous_16)","decl":{"start":{"line":55,"column":58},"end":{"line":55,"column":63}},"loc":{"start":{"line":55,"column":63},"end":{"line":55,"column":null}}},"12":{"name":"(anonymous_17)","decl":{"start":{"line":67,"column":33},"end":{"line":67,"column":39}},"loc":{"start":{"line":67,"column":39},"end":{"line":67,"column":null}}}},"branchMap":{"0":{"loc":{"start":{"line":12,"column":21},"end":{"line":12,"column":77}},"type":"binary-expr","locations":[{"start":{"line":12,"column":21},"end":{"line":12,"column":40}},{"start":{"line":12,"column":44},"end":{"line":12,"column":77}}]},"1":{"loc":{"start":{"line":30,"column":8},"end":{"line":30,"column":null}},"type":"if","locations":[{"start":{"line":30,"column":8},"end":{"line":30,"column":null}}]},"2":{"loc":{"start":{"line":39,"column":8},"end":{"line":41,"column":null}},"type":"if","locations":[{"start":{"line":39,"column":8},"end":{"line":41,"column":null}}]},"3":{"loc":{"start":{"line":49,"column":13},"end":{"line":49,"column":26}},"type":"binary-expr","locations":[{"start":{"line":49,"column":13},"end":{"line":49,"column":26}},{"start":{"line":49,"column":26},"end":{"line":49,"column":42}}]},"4":{"loc":{"start":{"line":53,"column":16},"end":{"line":60,"column":null}},"type":"if","locations":[{"start":{"line":53,"column":16},"end":{"line":60,"column":null}}]},"5":{"loc":{"start":{"line":56,"column":20},"end":{"line":59,"column":null}},"type":"if","locations":[{"start":{"line":56,"column":20},"end":{"line":59,"column":null}}]},"6":{"loc":{"start":{"line":72,"column":25},"end":{"line":72,"column":42}},"type":"binary-expr","locations":[{"start":{"line":72,"column":25},"end":{"line":72,"column":42}}]},"7":{"loc":{"start":{"line":74,"column":29},"end":{"line":74,"column":40}},"type":"binary-expr","locations":[{"start":{"line":74,"column":29},"end":{"line":74,"column":40}}]}},"s":{"0":307,"1":2,"2":2,"3":2,"4":17,"5":15,"6":15,"7":15,"8":15,"9":15,"10":15,"11":15,"12":15,"13":15,"14":15,"15":15,"16":15,"17":0,"18":2,"19":157,"20":157,"21":99,"22":58,"23":64,"24":4,"25":58,"26":58,"27":157,"28":157,"29":48,"30":23,"31":48,"32":17,"33":46,"34":157,"35":157,"36":58,"37":64,"38":64,"39":64,"40":60,"41":60,"42":103,"43":60,"44":60,"45":60,"46":64,"47":3,"48":2},"f":{"0":17,"1":0,"2":157,"3":157,"4":64,"5":4,"6":58,"7":48,"8":23,"9":58,"10":64,"11":103,"12":3},"b":{"0":[17,2],"1":[99],"2":[17],"3":[157,157],"4":[60],"5":[60],"6":[64],"7":[64]}},"/Users/jonathangroberg/repos/roblox-tycoon--1-/components/business-panel.tsx":{"path":"/Users/jonathangroberg/repos/roblox-tycoon--1-/components/business-panel.tsx","statementMap":{"0":{"start":{"line":103,"column":24},"end":{"line":103,"column":38}},"1":{"start":{"line":93,"column":16},"end":{"line":93,"column":36}},"2":{"start":{"line":46,"column":16},"end":{"line":46,"column":31}},"3":{"start":{"line":69,"column":16},"end":{"line":69,"column":31}},"4":{"start":{"line":40,"column":16},"end":{"line":40,"column":29}},"5":{"start":{"line":3,"column":25},"end":{"line":3,"column":null}},"6":{"start":{"line":4,"column":58},"end":{"line":4,"column":null}},"7":{"start":{"line":5,"column":23},"end":{"line":5,"column":null}},"8":{"start":{"line":6,"column":25},"end":{"line":6,"column":null}},"9":{"start":{"line":7,"column":57},"end":{"line":7,"column":null}},"10":{"start":{"line":8,"column":31},"end":{"line":8,"column":null}},"11":{"start":{"line":26,"column":7},"end":{"line":26,"column":null}},"12":{"start":{"line":27,"column":77},"end":{"line":27,"column":null}},"13":{"start":{"line":28,"column":31},"end":{"line":28,"column":null}},"14":{"start":{"line":41,"column":15},"end":{"line":41,"column":null}},"15":{"start":{"line":42,"column":12},"end":{"line":42,"column":35}},"16":{"start":{"line":43,"column":2},"end":{"line":43,"column":null}},"17":{"start":{"line":47,"column":2},"end":{"line":66,"column":null}},"18":{"start":{"line":49,"column":6},"end":{"line":53,"column":null}},"19":{"start":{"line":55,"column":6},"end":{"line":59,"column":null}},"20":{"start":{"line":61,"column":6},"end":{"line":61,"column":null}},"21":{"start":{"line":63,"column":6},"end":{"line":63,"column":null}},"22":{"start":{"line":65,"column":6},"end":{"line":65,"column":null}},"23":{"start":{"line":70,"column":2},"end":{"line":89,"column":null}},"24":{"start":{"line":72,"column":6},"end":{"line":72,"column":null}},"25":{"start":{"line":74,"column":6},"end":{"line":74,"column":null}},"26":{"start":{"line":76,"column":6},"end":{"line":76,"column":null}},"27":{"start":{"line":78,"column":6},"end":{"line":78,"column":null}},"28":{"start":{"line":80,"column":6},"end":{"line":80,"column":null}},"29":{"start":{"line":82,"column":6},"end":{"line":82,"column":null}},"30":{"start":{"line":84,"column":6},"end":{"line":84,"column":null}},"31":{"start":{"line":86,"column":6},"end":{"line":86,"column":null}},"32":{"start":{"line":88,"column":6},"end":{"line":88,"column":null}},"33":{"start":{"line":94,"column":23},"end":{"line":94,"column":null}},"34":{"start":{"line":95,"column":24},"end":{"line":95,"column":null}},"35":{"start":{"line":96,"column":25},"end":{"line":96,"column":null}},"36":{"start":{"line":112,"column":36},"end":{"line":112,"column":null}},"37":{"start":{"line":115,"column":24},"end":{"line":115,"column":46}},"38":{"start":{"line":163,"column":35},"end":{"line":163,"column":null}},"39":{"start":{"line":201,"column":33},"end":{"line":201,"column":null}},"40":{"start":{"line":226,"column":33},"end":{"line":226,"column":null}},"41":{"start":{"line":254,"column":52},"end":{"line":254,"column":75}},"42":{"start":{"line":255,"column":39},"end":{"line":255,"column":null}},"43":{"start":{"line":255,"column":64},"end":{"line":255,"column":89}},"44":{"start":{"line":256,"column":31},"end":{"line":256,"column":88}},"45":{"start":{"line":257,"column":32},"end":{"line":257,"column":43}},"46":{"start":{"line":258,"column":32},"end":{"line":258,"column":75}},"47":{"start":{"line":258,"column":51},"end":{"line":258,"column":67}},"48":{"start":{"line":259,"column":31},"end":{"line":259,"column":null}},"49":{"start":{"line":260,"column":36},"end":{"line":260,"column":null}},"50":{"start":{"line":261,"column":34},"end":{"line":261,"column":null}},"51":{"start":{"line":262,"column":38},"end":{"line":262,"column":null}},"52":{"start":{"line":263,"column":31},"end":{"line":263,"column":46}},"53":{"start":{"line":265,"column":18},"end":{"line":267,"column":null}},"54":{"start":{"line":290,"column":47},"end":{"line":290,"column":null}},"55":{"start":{"line":301,"column":47},"end":{"line":301,"column":null}}},"fnMap":{"0":{"name":"getWorkerCost","decl":{"start":{"line":40,"column":16},"end":{"line":40,"column":29}},"loc":{"start":{"line":40,"column":48},"end":{"line":44,"column":null}}},"1":{"name":"getBusinessName","decl":{"start":{"line":46,"column":16},"end":{"line":46,"column":31}},"loc":{"start":{"line":46,"column":50},"end":{"line":67,"column":null}}},"2":{"name":"getResourceName","decl":{"start":{"line":69,"column":16},"end":{"line":69,"column":31}},"loc":{"start":{"line":69,"column":58},"end":{"line":90,"column":null}}},"3":{"name":"getBufferStatusColor","decl":{"start":{"line":93,"column":16},"end":{"line":93,"column":36}},"loc":{"start":{"line":93,"column":108},"end":{"line":101,"column":null}}},"4":{"name":"BusinessPanel","decl":{"start":{"line":103,"column":24},"end":{"line":103,"column":38}},"loc":{"start":{"line":111,"column":21},"end":{"line":321,"column":1}}},"5":{"name":"(anonymous_11)","decl":{"start":{"line":163,"column":29},"end":{"line":163,"column":35}},"loc":{"start":{"line":163,"column":35},"end":{"line":163,"column":null}}},"6":{"name":"(anonymous_12)","decl":{"start":{"line":201,"column":27},"end":{"line":201,"column":33}},"loc":{"start":{"line":201,"column":33},"end":{"line":201,"column":null}}},"7":{"name":"(anonymous_13)","decl":{"start":{"line":226,"column":27},"end":{"line":226,"column":33}},"loc":{"start":{"line":226,"column":33},"end":{"line":226,"column":null}}},"8":{"name":"(anonymous_14)","decl":{"start":{"line":254,"column":42},"end":{"line":254,"column":43}},"loc":{"start":{"line":254,"column":52},"end":{"line":254,"column":75}}},"9":{"name":"(anonymous_15)","decl":{"start":{"line":254,"column":81},"end":{"line":254,"column":null}},"loc":{"start":{"line":254,"column":81},"end":{"line":313,"column":null}}},"10":{"name":"(anonymous_16)","decl":{"start":{"line":255,"column":58},"end":{"line":255,"column":64}},"loc":{"start":{"line":255,"column":64},"end":{"line":255,"column":89}}},"11":{"name":"(anonymous_17)","decl":{"start":{"line":258,"column":44},"end":{"line":258,"column":51}},"loc":{"start":{"line":258,"column":51},"end":{"line":258,"column":67}}},"12":{"name":"(anonymous_18)","decl":{"start":{"line":290,"column":41},"end":{"line":290,"column":47}},"loc":{"start":{"line":290,"column":47},"end":{"line":290,"column":null}}},"13":{"name":"(anonymous_19)","decl":{"start":{"line":301,"column":41},"end":{"line":301,"column":47}},"loc":{"start":{"line":301,"column":47},"end":{"line":301,"column":null}}}},"branchMap":{"0":{"loc":{"start":{"line":47,"column":2},"end":{"line":66,"column":null}},"type":"switch","locations":[{"start":{"line":48,"column":4},"end":{"line":53,"column":null}},{"start":{"line":54,"column":4},"end":{"line":59,"column":null}},{"start":{"line":60,"column":4},"end":{"line":61,"column":null}},{"start":{"line":62,"column":4},"end":{"line":63,"column":null}},{"start":{"line":64,"column":4},"end":{"line":65,"colum
[...]
7},"end":{"line":1053,"column":null}},"type":"binary-expr","locations":[{"start":{"line":1053,"column":7},"end":{"line":1053,"column":null}}]},"117":{"loc":{"start":{"line":1062,"column":7},"end":{"line":1062,"column":null}},"type":"binary-expr","locations":[{"start":{"line":1062,"column":7},"end":{"line":1062,"column":null}}]},"118":{"loc":{"start":{"line":1080,"column":7},"end":{"line":1080,"column":23}},"type":"binary-expr","locations":[{"start":{"line":1080,"column":7},"end":{"line":1080,"column":23}}]},"119":{"loc":{"start":{"line":1106,"column":26},"end":{"line":1106,"column":58}},"type":"binary-expr","locations":[{"start":{"line":1106,"column":26},"end":{"line":1106,"column":52}},{"start":{"line":1106,"column":56},"end":{"line":1106,"column":58}}]},"120":{"loc":{"start":{"line":1107,"column":25},"end":{"line":1107,"column":null}},"type":"cond-expr","locations":[{"start":{"line":1107,"column":58},"end":{"line":1107,"column":70}},{"start":{"line":1107,"column":70},"end":{"line":1107,"column":null}}]},"121":{"loc":{"start":{"line":1107,"column":25},"end":{"line":1107,"column":58}},"type":"binary-expr","locations":[{"start":{"line":1107,"column":25},"end":{"line":1107,"column":37}},{"start":{"line":1107,"column":37},"end":{"line":1107,"column":58}}]},"122":{"loc":{"start":{"line":1108,"column":26},"end":{"line":1108,"column":null}},"type":"cond-expr","locations":[{"start":{"line":1108,"column":47},"end":{"line":1108,"column":59}},{"start":{"line":1108,"column":59},"end":{"line":1108,"column":null}}]},"123":{"loc":{"start":{"line":1111,"column":24},"end":{"line":1111,"column":null}},"type":"cond-expr","locations":[{"start":{"line":1111,"column":45},"end":{"line":1111,"column":66}},{"start":{"line":1111,"column":66},"end":{"line":1111,"column":null}}]},"124":{"loc":{"start":{"line":1114,"column":7},"end":{"line":1114,"column":null}},"type":"binary-expr","locations":[{"start":{"line":1114,"column":7},"end":{"line":1114,"column":null}}]},"125":{"loc":{"start":{"line":1130,"column":7},"end":{"line":1130,"column":null}},"type":"binary-expr","locations":[{"start":{"line":1130,"column":7},"end":{"line":1130,"column":null}}]},"126":{"loc":{"start":{"line":1143,"column":12},"end":{"line":1143,"column":null}},"type":"if","locations":[{"start":{"line":1143,"column":12},"end":{"line":1143,"column":null}}]},"127":{"loc":{"start":{"line":1154,"column":7},"end":{"line":1154,"column":29}},"type":"binary-expr","locations":[{"start":{"line":1154,"column":7},"end":{"line":1154,"column":29}},{"start":{"line":1154,"column":29},"end":{"line":1154,"column":59}}]}},"s":{"0":22,"1":1,"2":1,"3":1,"4":1,"5":1,"6":1,"7":1,"8":1,"9":1,"10":1,"11":1,"12":2,"13":2,"14":2,"15":2,"16":1,"17":0,"18":0,"19":0,"20":0,"21":0,"22":0,"23":0,"24":0,"25":0,"26":0,"27":0,"28":0,"29":0,"30":0,"31":0,"32":182,"33":22,"34":182,"35":182,"36":182,"37":182,"38":182,"39":182,"40":182,"41":182,"42":182,"43":182,"44":182,"45":182,"46":182,"47":182,"48":22,"49":22,"50":198,"51":22,"52":182,"53":182,"54":22,"55":22,"56":22,"57":22,"58":22,"59":22,"60":22,"61":22,"62":0,"63":182,"64":22,"65":32,"66":32,"67":32,"68":288,"69":288,"70":32,"71":22,"72":22,"73":22,"74":374,"75":374,"76":374,"77":3366,"78":3366,"79":374,"80":22,"81":22,"82":22,"83":182,"84":58,"85":12,"86":26,"87":12,"88":12,"89":182,"90":49,"91":1,"92":182,"93":55,"94":55,"95":55,"96":55,"97":93,"98":55,"99":55,"100":55,"101":182,"102":182,"103":22,"104":374,"105":374,"106":374,"107":711,"108":711,"109":300,"110":137,"111":137,"112":12,"113":12,"114":411,"115":11,"116":11,"117":1,"118":1,"119":1,"120":711,"121":711,"122":25,"123":25,"124":374,"125":711,"126":6,"127":711,"128":300,"129":374,"130":293,"131":81,"132":24,"133":81,"134":71,"135":10,"136":23,"137":10,"138":10,"139":10,"140":10,"141":10,"142":10,"143":10,"144":11,"145":8,"146":8,"147":3,"148":0,"149":3,"150":0,"151":3,"152":3,"153":2,"154":2,"155":10,"156":0,"157":10,"158":10,"159":10,"160":10,"161":10,"162":2,"163":0,"164":2,"165":10,"166":10,"167":10,"168":10,"169":10,"170":10,"171":10,"172":374,"173":374,"174":374,"175":341,"176":341,"177":5,"178":10,"179":5,"180":9,"181":5,"182":5,"183":0,"184":5,"185":2,"186":5,"187":2,"188":5,"189":3,"190":3,"191":3,"192":3,"193":3,"194":3,"195":3,"196":2,"197":2,"198":2,"199":2,"200":2,"201":2,"202":2,"203":5,"204":5,"205":5,"206":5,"207":5,"208":5,"209":5,"210":5,"211":5,"212":5,"213":5,"214":374,"215":22,"216":22,"217":0,"218":0,"219":0,"220":0,"221":0,"222":0,"223":0,"224":0,"225":0,"226":0,"227":0,"228":0,"229":0,"230":0,"231":0,"232":0,"233":0,"234":5,"235":5,"236":5,"237":0,"238":0,"239":0,"240":0,"241":0,"242":0,"243":1472,"244":1472,"245":2405,"246":1472,"247":0,"248":0,"249":0,"250":0,"251":0,"252":0,"253":0,"254":0,"255":0,"256":0,"257":0,"258":0,"259":0,"260":0,"261":0,"262":0,"263":0,"264":0,"265":0,"266":182,"267":14,"268":0,"269":14,"270":14,"271":14,"272":182,"273":51,"274":84,"275":182,"276":16,"277":0,"278":16,"279":16,"280":16,"281":16,"282":16,"283":0,"284":0,"285":0,"286":0,"287":0,"288":0,"289":0,"290":16,"291":16,"292":16,"293":16,"294":16,"295":12,"296":12,"297":12,"298":4,"299":3,"300":3,"301":3,"302":1,"303":0,"304":0,"305":0,"306":1,"307":0,"308":0,"309":0,"310":1,"311":1,"312":1,"313":1,"314":0,"315":0,"316":0,"317":0,"318":16,"319":16,"320":16,"321":16,"322":16,"323":16,"324":21,"325":12,"326":16,"327":37,"328":0,"329":16,"330":16,"331":16,"332":16,"333":182,"334":5,"335":2,"336":2,"337":2,"338":3,"339":3,"340":182,"341":0,"342":0,"343":0,"344":0,"345":0,"346":0,"347":0,"348":0,"349":0,"350":0,"351":0,"352":0,"353":0,"354":0,"355":0,"356":0,"357":0,"358":0,"359":0,"360":0,"361":0,"362":0,"363":0,"364":0,"365":0,"366":0,"367":0,"368":182,"369":3,"370":3,"371":3,"372":7,"373":3,"374":0,"375":3,"376":3,"377":2,"378":3,"379":3,"380":3,"381":0,"382":0,"383":3,"384":3,"385":2,"386":1,"387":3,"388":3,"389":3,"390":182,"391":4,"392":4,"393":4,"394":4,"395":0,"396":4,"397":0,"398":0,"399":0,"400":0,"401":0,"402":0,"403":0,"404":0,"405":0,"406":0,"407":0,"408":0,"409":0,"410":0,"411":18,"412":18,"413":18,"414":18,"415":18,"416":18,"417":18,"418":18,"419":18,"420":18,"421":18,"422":18,"423":18,"424":0,"425":0,"426":0,"427":0,"428":0,"429":0,"430":0,"431":0,"432":6,"433":6,"434":6,"435":6,"436":182,"437":34,"438":30,"439":4,"440":4,"441":4,"442":4,"443":4,"444":4,"445":182,"446":2,"447":0,"448":2,"449":2,"450":0,"451":0,"452":0,"453":2,"454":2,"455":4,"456":2,"457":2,"458":2,"459":182,"460":2,"461":182,"462":182,"463":34,"464":30,"465":1,"466":1,"467":4,"468":4,"469":4,"470":15,"471":0,"472":15,"473":30,"474":15,"475":0,"476":15,"477":15,"478":15,"479":4,"480":4,"481":4,"482":4,"483":0,"484":4,"485":182,"486":48,"487":0,"488":182,"489":182,"490":182,"491":26,"492":0,"493":26,"494":0,"495":182,"496":182,"497":0,"498":0,"499":0,"500":0,"501":0,"502":0,"503":0,"504":0,"505":0,"506":0,"507":0,"508":0,"509":0,"510":182,"511":51,"512":84,"513":27,"514":51,"515":0,"516":182,"517":51,"518":84,"519":51,"520":0,"521":182,"522":48,"523":0,"524":0,"525":0,"526":0,"527":182,"528":1,"529":1,"530":1,"531":2,"532":1,"533":0,"534":1,"535":1,"536":1,"537":1,"538":0,"539":1,"540":2,"541":1,"542":1,"543":1,"544":1,"545":1,"546":0,"547":0,"548":1,"549":182,"550":1,"551":1,"552":1,"553":22,"554":22,"555":22,"556":1,"557":0,"558":19,"559":18,"560":0,"561":0,"562":0,"563":8,"564":8,"565":8,"566":0},"f":{"0":1,"1":1,"2":1,"3":1,"4":1,"5":1,"6":1,"7":1,"8":0,"9":0,"10":182,"11":22,"12":22,"13":198,"14":22,"15":0,"16":22,"17":22,"18":32,"19":32,"20":288,"21":374,"22":374,"23":3366,"24":22,"25":58,"26":26,"27":49,"28":55,"29":55,"30":55,"31":93,"32":55,"33":10,"34":22,"35":374,"36":374,"37":711,"38":711,"39":300,"40":374,"41":24,"42":23,"43":10,"44":0,"45":10,"46":9,"47":2,"48":3,"49":5,"50":5,"51":22,"52":0,"53":0,"54":0,"55":5,"56":1472,"57":2405,"58":0,"59":0,"60":0,"61":0,"62":0,"63":14,"64":14,"65":51,"66":84,"67":16,"68":0,"69":16,"70":21,"71":37,"72":5,"73":0,"74":0,"75":0,"76":3,"77":3,"78":7,"79":2,"80":4,"81":4,"82":0,"83":0,"84":0,"85":18,"86":0,"87":0,"88":6,"89":34,"90":4,"91":4,"92":4,"93":2,"94":2,"95":4,"96":2,"97":34,"98":1,"99":4,"100":15,"101":30,"102":15,"103":4,"104":4,"105":4,"106":0,"107":48,"108":26,"109":0,"110":0,"111":0,"112":51,"113":84,"114":27,"115":51,"116":84,"117":48,"118":1,"119":1,"120":2,"121":1,"122":2,"123":0,"124":22,"125":1,"126":22,"127":1,"128":0,"129":19,"130":18,"131":0,"132":0,"133":0,"134":0,"135":8,"136":8},"b":{"0":[0,0,0,0,0,0,0],"1":[0,0,0,0,0,0],"2":[0],"3":[22,19],"4":[22],"5":[22],"6":[22,22],"7":[0],"8":[288,192],"9":[12],"10":[12],"11":[1],"12":[49,2],"13":[711,0],"14":[300,411],"15":[137],"16":[12],"17":[11],"18":[411,26],"19":[1],"20":[711],"21":[25],"22":[6],"23":[293],"24":[24,24],"25":[71],"26":[81,81],"27":[23,13],"28":[10],"29":[8],"30":[0],"31":[2],"32":[0],"33":[2],"34":[0],"35":[5],"36":[5],"37":[5,5],"38":[0],"39":[2,2,2],"40":[2],"41":[3,2],"42":[2],"43":[5],"44":[0,0,0],"45":[0],"46":[0],"47":[0,0],"48":[0],"49":[5,5,5,0,0,0,0,0,0],"50":[0],"51":[0],"52":[0],"53":[0,0],"54":[0],"55":[84,51],"56":[0],"57":[0],"58":[12,4],"59":[3,1],"60":[0,1],"61":[0,1],"62":[1,0],"63":[0],"64":[12,4],"65":[12],"66":[0],"67":[2],"68":[0],"69":[0],"70":[0,0,0],"71":[0],"72":[0,0],"73":[0],"74":[0,0],"75":[0],"76":[2,1],"77":[0],"78":[2,1],"79":[3,0],"80":[4,0],"81":[0],"82":[0,0],"83":[0,0],"84":[0,0],"85":[18,0],"86":[30],"87":[34,8],"88":[4,0],"89":[0],"90":[0],"91":[2,2],"92":[30],"93":[34,8],"94":[1],"95":[1,1],"96":[0],"97":[0],"98":[0],"99":[0],"100":[0],"101":[0],"102":[0],"103":[84,57],"104":[27,0],"105":[0],"106":[0],"107":[0],"108":[0],"109":[0],"110":[0],"111":[1,1,1],"112":[0,1],"113":[0],"114":[1],"115":[1,1],"116":[182],"117":[182],"118":[182],"119":[182,0],"120":[11,171],"121":[182,179],"122":[8,174],"123":[8,174],"124":[182],"125":[182],"126":[0],"127":[182,8]}},"/Users/jonathangroberg/repos/roblox-tycoon--1-/components/game-hud.tsx":{"path":"/Users/jonathangroberg/repos/roblox-tycoon--1-/components/game-hud.tsx","statementMap":{"0":{"start":{"line":18,"column":24},"end":{"line":18,"column":32}},"1":{"start":{"line":3,"column":23},"end":{"line":3,"column":null}},"2":{"start":{"line":4,"column":29},"end":{"line":4,"column":null}},"3":{"start":{"line":5,"column":168},"end":{"line":5,"column":null}},"4":{"start":{"line":6,"column":31},"end":{"line":6,"column":null}},"5":{"start":{"line":20,"column":23},"end":{"line":20,"column":null}},"6":{"start":{"line":20,"column":45},"end":{"line":20,"column":null}},"7":{"start":{"line":21,"column":21},"end":{"line":21,"column":null}},"8":{"start":{"line":21,"column":43},"end":{"line":21,"column":null}},"9":{"start":{"line":22,"column":24},"end":{"line":22,"column":null}},"10":{"start":{"line":22,"column":46},"end":{"line":22,"column":null}},"11":{"start":{"line":23,"column":20},"end":{"line":23,"column":null}},"12":{"start":{"line":23,"column":42},"end":{"line":23,"column":null}},"13":{"start":{"line":24,"column":18},"end":{"line":24,"column":null}},"14":{"start":{"line":24,"column":40},"end":{"line":24,"column":null}},"15":{"start":{"line":53,"column":25},"end":{"line":53,"column":null}},"16":{"start":{"line":78,"column":27},"end":{"line":78,"column":null}},"17":{"start":{"line":88,"column":27},"end":{"line":88,"column":null}},"18":{"start":{"line":98,"column":27},"end":{"line":98,"column":null}},"19":{"start":{"line":108,"column":27},"end":{"line":108,"column":null}},"20":{"start":{"line":118,"column":27},"end":{"line":118,"column":null}}},"fnMap":{"0":{"name":"GameHUD","decl":{"start":{"line":18,"column":24},"end":{"line":18,"column":32}},"loc":{"start":{"line":18,"column":133},"end":{"line":127,"column":null}}},"1":{"name":"(anonymous_2)","decl":{"start":{"line":20,"column":40},"end":{"line":20,"column":45}},"loc":{"start":{"line":20,"column":45},"end":{"line":20,"column":null}}},"2":{"name":"(anonymous_3)","decl":{"start":{"line":21,"column":38},"end":{"line":21,"column":43}},"loc":{"start":{"line":21,"column":43},"end":{"line":21,"column":null}}},"3":{"name":"(anonymous_4)","decl":{"start":{"line":22,"column":41},"end":{"line":22,"column":46}},"loc":{"start":{"line":22,"column":46},"end":{"line":22,"column":null}}},"4":{"name":"(anonymous_5)","decl":{"start":{"line":23,"column":37},"end":{"line":23,"column":42}},"loc":{"start":{"line":23,"column":42},"end":{"line":23,"column":null}}},"5":{"name":"(anonymous_6)","decl":{"start":{"line":24,"column":35},"end":{"line":24,"column":40}},"loc":{"start":{"line":24,"column":40},"end":{"line":24,"column":null}}},"6":{"name":"(anonymous_7)","decl":{"start":{"line":53,"column":19},"end":{"line":53,"column":25}},"loc":{"start":{"line":53,"column":25},"end":{"line":53,"column":null}}},"7":{"name":"(anonymous_8)","decl":{"start":{"line":78,"column":21},"end":{"line":78,"column":27}},"loc":{"start":{"line":78,"column":27},"end":{"line":78,"column":null}}},"8":{"name":"(anonymous_9)","decl":{"start":{"line":88,"column":21},"end":{"line":88,"column":27}},"loc":{"start":{"line":88,"column":27},"end":{"line":88,"column":null}}},"9":{"name":"(anonymous_10)","decl":{"start":{"line":98,"column":21},"end":{"line":98,"column":27}},"loc":{"start":{"line":98,"column":27},"end":{"line":98,"column":null}}},"10":{"name":"(anonymous_11)","decl":{"start":{"line":108,"column":21},"end":{"line":108,"column":27}},"loc":{"start":{"line":108,"column":27},"end":{"line":108,"column":null}}},"11":{"name":"(anonymous_12)","decl":{"start":{"line":118,"column":21},"end":{"line":118,"column":27}},"loc":{"start":{"line":118,"column":27},"end":{"line":118,"column":null}}}},"branchMap":{"0":{"loc":{"start":{"line":27,"column":121},"end":{"line":27,"column":153}},"type":"cond-expr","locations":[{"start":{"line":27,"column":132},"end":{"line":27,"column":149}},{"start":{"line":27,"column":149},"end":{"line":27,"column":153}}]},"1":{"loc":{"start":{"line":32,"column":81},"end":{"line":32,"column":116}},"type":"cond-expr","locations":[{"start":{"line":32,"column":92},"end":{"line":32,"column":112}},{"start":{"line":32,"column":112},"end":{"line":32,"column":116}}]},"2":{"loc":{"start":{"line":74,"column":9},"end":{"line":74,"column":null}},"type":"binary-expr","locations":[{"start":{"line":74,"column":9},"end":{"line":74,"column":null}}]},"3":{"loc":{"start":{"line":84,"column":9},"end":{"line":84,"column":null}},"type":"binary-expr","locations":[{"start":{"line":84,"column":9},"end":{"line":84,"column":null}}]},"4":{"loc":{"start":{"line":94,"column":9},"end":{"line":94,"column":null}},"type":"binary-expr","locations":[{"start":{"line":94,"column":9},"end":{"line":94,"column":null}}]},"5":{"loc":{"start":{"line":104,"column":9},"end":{"line":104,"column":null}},"type":"binary-expr","locations":[{"start":{"line":104,"column":9},"end":{"line":104,"column":null}}]},"6":{"loc":{"start":{"line":114,"column":9},"end":{"line":114,"column":null}},"type":"binary-expr","locations":[{"start":{"line":114,"column":9},"end":{"line":114,"column":null}}]}},"s":{"0":182,"1":1,"2":1,"3":1,"4":1,"5":151,"6":232,"7":151,"8":234,"9":151,"10":220,"11":151,"12":234,"13":151,"14":234,"15":14,"16":3,"17":0,"18":0,"19":1,"20":0},"f":{"0":151,"1":232,"2":234,"3":220,"4":234,"5":234,"6":14,"7":3,"8":0,"9":0,"10":1,"11":0},"b":{"0":[0,151],"1":[0,151],"2":[151],"3":[151],"4":[151],"5":[151],"6":[151]}},"/Users/jonathangroberg/repos/roblox-tycoon--1-/components/music-controls.tsx":{"path":"/Users/jonathangroberg/repos/roblox-tycoon--1-/components/music-controls.tsx","statementMap":{"0":{"start":{"line":12,"column":24},"end":{"line":12,"column":38}},"1":{"start":{"line":3,"column":36},"end":{"line":3,"column":null}},"2":{"start":{"line":4,"column":23},"end":{"line":4,"column":null}},"3":{"start":{"line":5,"column":23},"end":{"line":5,"column":null}},"4":{"start":{"line":6,"column":33},"end":{"line":6,"column":null}},"5":{"start":{"line":13,"column":32},"end":{"line":13,"column":null}},"6":{"start":{"line":14,"column":34},"end":{"line":14,"column":null}},"7":{"start":{"line":16,"column":4},"end":{"line":21,"column":null}},"8":{"start":{"line":17,"column":8},"end":{"line":20,"column":null}},"9":{"start":{"line":18,"column":12},"end":{"line":18,"column":null}},"10":{"start":{"line":19,"column":12},"end":{"line":19,"column":null}},"11":{"start":{"line":23,"column":31},"end":{"line":26,"column":null}},"12":{"start":{"line":24,"column":8},"end":{"line":24,"column":null}},"13":{"start":{"line":25,"column":8},"end":{"line":25,"column":null}},"14":{"start":{"line":28,"column":23},"end":{"line":30,"column":null}},"15":{"start":{"line":29,"column":8},"end":{"line":29,"column":null}}},"fnMap":{"0":{"name":"MusicControls","decl":{"start":{"line":12,"column":24},"end":{"line":12,"column":38}},"loc":{"start":{"line":12,"column":74},"end":{"line":54,"column":null}}},"1":{"name":"(anonymous_2)","decl":{"start":{"line":16,"column":14},"end":{"line":16,"column":null}},"loc":{"start":{"line":16,"column":14},"end":{"line":21,"column":7}}},"2":{"name":"(anonymous_3)","decl":{"start":{"line":23,"column":31},"end":{"line":23,"column":32}},"loc":{"start":{"line":23,"column":32},"end":{"line":26,"column":null}}},"3":{"name":"(anonymous_4)","decl":{"start":{"line":28,"column":23},"end":{"line":28,"column":null}},"loc":{"start":{"line":28,"column":23},"end":{"line":30,"column":null}}}},"branchMap":{"0":{"loc":{"start":{"line":17,"column":8},"end":{"line":20,"column":null}},"type":"if","locations":[{"start":{"line":17,"column":8},"end":{"line":20,"column":null}}]},"1":{"loc":{"start":{"line":39,"column":28},"end":{"line":39,"column":null}},"type":"cond-expr","locations":[{"start":{"line":39,"column":38},"end":{"line":39,"column":49}},{"start":{"line":39,"column":49},"end":{"line":39,"column":null}}]},"2":{"loc":{"start":{"line":41,"column":27},"end":{"line":41,"column":62}},"type":"cond-expr","locations":[{"start":{"line":41,"column":27},"end":{"line":41,"column":62}}]},"3":{"loc":{"start":{"line":45,"column":28},"end":{"line":45,"column":49}},"type":"cond-expr","locations":[{"start":{"line":45,"column":38},"end":{"line":45,"column":42}},{"start":{"line":45,"column":42},"end":{"line":45,"column":49}}]}},"s":{"0":182,"1":1,"2":1,"3":1,"4":1,"5":152,"6":152,"7":152,"8":45,"9":23,"10":23,"11":152,"12":0,"13":0,"14":152,"15":1},"f":{"0":152,"1":45,"2":0,"3":1},"b":{"0":[23],"1":[1,151],"2":[1],"3":[1,151]}},"/Users/jonathangroberg/repos/roblox-tycoon--1-/components/ui/slider.tsx":{"path":"/Users/jonathangroberg/repos/roblox-tycoon--1-/components/ui/slider.tsx","statementMap":{"0":{"start":{"line":28,"column":9},"end":{"line":28,"column":null}},"1":{"start":{"line":3,"column":23},"end":{"line":3,"column":null}},"2":{"start":{"line":4,"column":33},"end":{"line":4,"column":null}},"3":{"start":{"line":6,"column":19},"end":{"line":6,"column":null}},"4":{"start":{"line":26,"column":0},"end":{"line":26,"column":null}}},"fnMap":{},"branchMap":{},"s":{"0":152,"1":1,"2":1,"3":1,"4":1},"f":{},"b":{}},"/Users/jonathangroberg/repos/roblox-tycoon--1-/components/achievements-config.ts":{"path":"/Users/jonathangroberg/repos/roblox-tycoon--1-/components/achievements-config.ts","statementMap":{"0":{"start":{"line":15,"column":13},"end":{"line":15,"column":28}},"1":{"start":{"line":13,"column":7},"end":{"line":13,"column":null}},"2":{"start":{"line":15,"column":28},"end":{"line":86,"column":null}}},"fnMap":{},"branchMap":{},"s":{"0":75,"1":1,"2":1},"f":{},"b":{}},"/Users/jonathangroberg/repos/roblox-tycoon--1-/components/tutorial-overlay.tsx":{"path":"/Users/jonathangroberg/repos/roblox-tycoon--1-/components/tutorial-overlay.tsx","statementMap":{"0":{"start":{"line":11,"column":24},"end":{"line":11,"column":40}},"1":{"start":{"line":3,"column":23},"end":{"line":3,"column":null}},"2":{"start":{"line":4,"column":81},"end":{"line":4,"column":null}}},"fnMap":{"0":{"name":"TutorialOverlay","decl":{"start":{"line":11,"column":24},"end":{"line":11,"column":40}},"loc":{"start":{"line":11,"column":84},"end":{"line":75,"column":null}}}},"branchMap":{},"s":{"0":86,"1":1,"2":1},"f":{"0":43},"b":{}}}}
